filelist_volcanoes4future_const60a_01
filelist_volcanoes4future_const60a_02
filelist_volcanoes4future_const60a_03
filelist_volcanoes4future_const60a_04
filelist_volcanoes4future_const60a_05
filelist_volcanoes4future_const60a_06
filelist_volcanoes4future_const60a_07
filelist_volcanoes4future_const60a_08
filelist_volcanoes4future_const60a_09
filelist_volcanoes4future_const60a_10
filelist_volcanoes4future_const60a_11
filelist_volcanoes4future_const60a_12
filelist_volcanoes4future_const60a_13
filelist_volcanoes4future_const60a_14
filelist_volcanoes4future_const60a_15
filelist_volcanoes4future_const60a_16
filelist_volcanoes4future_const60a_17
filelist_volcanoes4future_const60a_18
filelist_volcanoes4future_const60a_19
filelist_volcanoes4future_const60a_20
filelist_volcanoes4future_const60a_21
filelist_volcanoes4future_const60a_22
filelist_volcanoes4future_const60a_23
filelist_volcanoes4future_const60a_24
filelist_volcanoes4future_const60a_25
filelist_volcanoes4future_const60a_26
filelist_volcanoes4future_const60a_27
filelist_volcanoes4future_const60a_28
filelist_volcanoes4future_const60a_29
filelist_volcanoes4future_const60a_30
filelist_volcanoes4future_const60a_31
filelist_volcanoes4future_const60a_32
filelist_volcanoes4future_const60a_33
filelist_volcanoes4future_const60a_34
filelist_volcanoes4future_const60a_35
filelist_volcanoes4future_const60a_36
filelist_volcanoes4future_const60a_37
filelist_volcanoes4future_const60a_38
filelist_volcanoes4future_const60a_39
filelist_volcanoes4future_const60a_40
filelist_volcanoes4future_const60a_41
filelist_volcanoes4future_const60a_42
filelist_volcanoes4future_const60a_43
filelist_volcanoes4future_const60a_44
filelist_volcanoes4future_const60a_45
filelist_volcanoes4future_const60a_46
filelist_volcanoes4future_const60a_47
filelist_volcanoes4future_const60a_48
filelist_volcanoes4future_const60a_49
filelist_volcanoes4future_const60a_50
filelist_volcanoes4future_const60a_51
filelist_volcanoes4future_const60a_52
filelist_volcanoes4future_const60a_53
filelist_volcanoes4future_const60a_54
filelist_volcanoes4future_const60a_55
filelist_volcanoes4future_const60a_56
filelist_volcanoes4future_const60a_57
filelist_volcanoes4future_const60a_58
filelist_volcanoes4future_const60a_59
filelist_volcanoes4future_const60a_60
filelist_volcanoes4future_sens6_01
filelist_volcanoes4future_sens6_02
filelist_volcanoes4future_sens6_03
filelist_volcanoes4future_sens6_04
filelist_volcanoes4future_sens6_05
filelist_volcanoes4future_sens6_06
filelist_volcanoes4future_sens6_07
filelist_volcanoes4future_sens6_08
filelist_volcanoes4future_sens6_09
filelist_volcanoes4future_sens6_10
filelist_volcanoes4future_sens6_11
filelist_volcanoes4future_sens6_12
filelist_volcanoes4future_sens6_13
filelist_volcanoes4future_sens6_14
filelist_volcanoes4future_sens6_15
filelist_volcanoes4future_sens6_16
filelist_volcanoes4future_sens6_17
filelist_volcanoes4future_sens6_18
filelist_volcanoes4future_sens6_19
filelist_volcanoes4future_sens6_20
filelist_volcanoes4future_sens6_21
filelist_volcanoes4future_sens6_22
filelist_volcanoes4future_sens6_23
filelist_volcanoes4future_sens6_24
filelist_volcanoes4future_sens6_25
filelist_volcanoes4future_sens6_26
filelist_volcanoes4future_sens6_27
filelist_volcanoes4future_sens6_28
filelist_volcanoes4future_sens6_29
filelist_volcanoes4future_sens6_30
filelist_volcanoes4future_sens6_31
filelist_volcanoes4future_sens6_32
filelist_volcanoes4future_sens6_33
filelist_volcanoes4future_sens6_34
filelist_volcanoes4future_sens6_35
filelist_volcanoes4future_sens6_36
filelist_volcanoes4future_sens6_37
filelist_volcanoes4future_sens6_38
filelist_volcanoes4future_sens6_39
filelist_volcanoes4future_sens6_40
filelist_volcanoes4future_sens6_41
filelist_volcanoes4future_sens6_42
filelist_volcanoes4future_sens6_43
filelist_volcanoes4future_sens6_44
filelist_volcanoes4future_sens6_45
filelist_volcanoes4future_sens6_46
filelist_volcanoes4future_sens6_47
filelist_volcanoes4future_sens6_48
filelist_volcanoes4future_sens6_49
filelist_volcanoes4future_sens6_50
filelist_volcanoes4future_sens6_51
filelist_volcanoes4future_sens6_52
filelist_volcanoes4future_sens6_53
filelist_volcanoes4future_sens6_54
filelist_volcanoes4future_sens6_55
filelist_volcanoes4future_sens6_56
filelist_volcanoes4future_sens6_57
filelist_volcanoes4future_sens6_58
filelist_volcanoes4future_sens6_59
filelist_volcanoes4future_sens6_60
in.nml
noresm2cmor
noresm2cmor_const60a_pr_01.log
noresm2cmor_const60a_pr_01.nml
noresm2cmor_const60a_pr_02.log
noresm2cmor_const60a_pr_02.nml
noresm2cmor_const60a_pr_03.log
noresm2cmor_const60a_pr_03.nml
noresm2cmor_const60a_pr_04.log
noresm2cmor_const60a_pr_04.nml
noresm2cmor_const60a_pr_05.log
noresm2cmor_const60a_pr_05.nml
noresm2cmor_const60a_pr_06.log
noresm2cmor_const60a_pr_06.nml
noresm2cmor_const60a_pr_07.log
noresm2cmor_const60a_pr_07.nml
noresm2cmor_const60a_pr_08.log
noresm2cmor_const60a_pr_08.nml
noresm2cmor_const60a_pr_09.log
noresm2cmor_const60a_pr_09.nml
noresm2cmor_const60a_pr_10.log
noresm2cmor_const60a_pr_10.nml
noresm2cmor_const60a_pr_11.log
noresm2cmor_const60a_pr_11.nml
noresm2cmor_const60a_pr_12.log
noresm2cmor_const60a_pr_12.nml
noresm2cmor_const60a_pr_13.log
noresm2cmor_const60a_pr_13.nml
noresm2cmor_const60a_pr_14.log
noresm2cmor_const60a_pr_14.nml
noresm2cmor_const60a_pr_15.log
noresm2cmor_const60a_pr_15.nml
noresm2cmor_const60a_pr_16.log
noresm2cmor_const60a_pr_16.nml
noresm2cmor_const60a_pr_17.log
noresm2cmor_const60a_pr_17.nml
noresm2cmor_const60a_pr_18.log
noresm2cmor_const60a_pr_18.nml
noresm2cmor_const60a_pr_19.log
noresm2cmor_const60a_pr_19.nml
noresm2cmor_const60a_pr_20.log
noresm2cmor_const60a_pr_20.nml
noresm2cmor_const60a_pr_21.log
noresm2cmor_const60a_pr_21.nml
noresm2cmor_const60a_pr_22.log
noresm2cmor_const60a_pr_22.nml
noresm2cmor_const60a_pr_23.log
noresm2cmor_const60a_pr_23.nml
noresm2cmor_const60a_pr_24.log
noresm2cmor_const60a_pr_24.nml
noresm2cmor_const60a_pr_25.log
noresm2cmor_const60a_pr_25.nml
noresm2cmor_const60a_pr_26.log
noresm2cmor_const60a_pr_26.nml
noresm2cmor_const60a_pr_27.log
noresm2cmor_const60a_pr_27.nml
noresm2cmor_const60a_pr_28.log
noresm2cmor_const60a_pr_28.nml
noresm2cmor_const60a_pr_29.log
noresm2cmor_const60a_pr_29.nml
noresm2cmor_const60a_pr_30.log
noresm2cmor_const60a_pr_30.nml
noresm2cmor_const60a_pr_31.log
noresm2cmor_const60a_pr_31.nml
noresm2cmor_const60a_pr_32.log
noresm2cmor_const60a_pr_32.nml
noresm2cmor_const60a_pr_33.log
noresm2cmor_const60a_pr_33.nml
noresm2cmor_const60a_pr_34.log
noresm2cmor_const60a_pr_34.nml
noresm2cmor_const60a_pr_35.log
noresm2cmor_const60a_pr_35.nml
noresm2cmor_const60a_pr_36.log
noresm2cmor_const60a_pr_36.nml
noresm2cmor_const60a_pr_37.log
noresm2cmor_const60a_pr_37.nml
noresm2cmor_const60a_pr_38.log
noresm2cmor_const60a_pr_38.nml
noresm2cmor_const60a_pr_39.log
noresm2cmor_const60a_pr_39.nml
noresm2cmor_const60a_pr_40.log
noresm2cmor_const60a_pr_40.nml
noresm2cmor_const60a_pr_41.log
noresm2cmor_const60a_pr_41.nml
noresm2cmor_const60a_pr_42.log
noresm2cmor_const60a_pr_42.nml
noresm2cmor_const60a_pr_43.log
noresm2cmor_const60a_pr_43.nml
noresm2cmor_const60a_pr_44.log
noresm2cmor_const60a_pr_44.nml
noresm2cmor_const60a_pr_45.log
noresm2cmor_const60a_pr_45.nml
noresm2cmor_const60a_pr_46.log
noresm2cmor_const60a_pr_46.nml
noresm2cmor_const60a_pr_47.log
noresm2cmor_const60a_pr_47.nml
noresm2cmor_const60a_pr_48.log
noresm2cmor_const60a_pr_48.nml
noresm2cmor_const60a_pr_49.log
noresm2cmor_const60a_pr_49.nml
noresm2cmor_const60a_pr_50.log
noresm2cmor_const60a_pr_50.nml
noresm2cmor_const60a_pr_51.log
noresm2cmor_const60a_pr_51.nml
noresm2cmor_const60a_pr_52.log
noresm2cmor_const60a_pr_52.nml
noresm2cmor_const60a_pr_53.log
noresm2cmor_const60a_pr_53.nml
noresm2cmor_const60a_pr_54.log
noresm2cmor_const60a_pr_54.nml
noresm2cmor_const60a_pr_55.log
noresm2cmor_const60a_pr_55.nml
noresm2cmor_const60a_pr_56.log
noresm2cmor_const60a_pr_56.nml
noresm2cmor_const60a_pr_57.log
noresm2cmor_const60a_pr_57.nml
noresm2cmor_const60a_pr_58.log
noresm2cmor_const60a_pr_58.nml
noresm2cmor_const60a_pr_59.log
noresm2cmor_const60a_pr_59.nml
noresm2cmor_const60a_pr_60.log
noresm2cmor_const60a_pr_60.nml
noresm2cmor_const60a_tas_01.log
noresm2cmor_const60a_tas_01.nml
noresm2cmor_const60a_tas_02.log
noresm2cmor_const60a_tas_02.nml
noresm2cmor_const60a_tas_03.log
noresm2cmor_const60a_tas_03.nml
noresm2cmor_const60a_tas_04.log
noresm2cmor_const60a_tas_04.nml
noresm2cmor_const60a_tas_05.log
noresm2cmor_const60a_tas_05.nml
noresm2cmor_const60a_tas_06.log
noresm2cmor_const60a_tas_06.nml
noresm2cmor_const60a_tas_07.log
noresm2cmor_const60a_tas_07.nml
noresm2cmor_const60a_tas_08.log
noresm2cmor_const60a_tas_08.nml
noresm2cmor_const60a_tas_09.log
noresm2cmor_const60a_tas_09.nml
noresm2cmor_const60a_tas_10.log
noresm2cmor_const60a_tas_10.nml
noresm2cmor_const60a_tas_11.log
noresm2cmor_const60a_tas_11.nml
noresm2cmor_const60a_tas_12.log
noresm2cmor_const60a_tas_12.nml
noresm2cmor_const60a_tas_13.log
noresm2cmor_const60a_tas_13.nml
noresm2cmor_const60a_tas_14.log
noresm2cmor_const60a_tas_14.nml
noresm2cmor_const60a_tas_15.log
noresm2cmor_const60a_tas_15.nml
noresm2cmor_const60a_tas_16.log
noresm2cmor_const60a_tas_16.nml
noresm2cmor_const60a_tas_17.log
noresm2cmor_const60a_tas_17.nml
noresm2cmor_const60a_tas_18.log
noresm2cmor_const60a_tas_18.nml
noresm2cmor_const60a_tas_19.log
noresm2cmor_const60a_tas_19.nml
noresm2cmor_const60a_tas_20.log
noresm2cmor_const60a_tas_20.nml
noresm2cmor_const60a_tas_21.log
noresm2cmor_const60a_tas_21.nml
noresm2cmor_const60a_tas_22.log
noresm2cmor_const60a_tas_22.nml
noresm2cmor_const60a_tas_23.log
noresm2cmor_const60a_tas_23.nml
noresm2cmor_const60a_tas_24.log
noresm2cmor_const60a_tas_24.nml
noresm2cmor_const60a_tas_25.log
noresm2cmor_const60a_tas_25.nml
noresm2cmor_const60a_tas_26.log
noresm2cmor_const60a_tas_26.nml
noresm2cmor_const60a_tas_27.log
noresm2cmor_const60a_tas_27.nml
noresm2cmor_const60a_tas_28.log
noresm2cmor_const60a_tas_28.nml
noresm2cmor_const60a_tas_29.log
noresm2cmor_const60a_tas_29.nml
noresm2cmor_const60a_tas_30.log
noresm2cmor_const60a_tas_30.nml
noresm2cmor_const60a_tas_31.log
noresm2cmor_const60a_tas_31.nml
noresm2cmor_const60a_tas_32.log
noresm2cmor_const60a_tas_32.nml
noresm2cmor_const60a_tas_33.log
noresm2cmor_const60a_tas_33.nml
noresm2cmor_const60a_tas_34.log
noresm2cmor_const60a_tas_34.nml
noresm2cmor_const60a_tas_35.log
noresm2cmor_const60a_tas_35.nml
noresm2cmor_const60a_tas_36.log
noresm2cmor_const60a_tas_36.nml
noresm2cmor_const60a_tas_37.log
noresm2cmor_const60a_tas_37.nml
noresm2cmor_const60a_tas_38.log
noresm2cmor_const60a_tas_38.nml
noresm2cmor_const60a_tas_39.log
noresm2cmor_const60a_tas_39.nml
noresm2cmor_const60a_tas_40.log
noresm2cmor_const60a_tas_40.nml
noresm2cmor_const60a_tas_41.log
noresm2cmor_const60a_tas_41.nml
noresm2cmor_const60a_tas_42.log
noresm2cmor_const60a_tas_42.nml
noresm2cmor_const60a_tas_43.log
noresm2cmor_const60a_tas_43.nml
noresm2cmor_const60a_tas_44.log
noresm2cmor_const60a_tas_44.nml
noresm2cmor_const60a_tas_45.log
noresm2cmor_const60a_tas_45.nml
noresm2cmor_const60a_tas_46.log
noresm2cmor_const60a_tas_46.nml
noresm2cmor_const60a_tas_47.log
noresm2cmor_const60a_tas_47.nml
noresm2cmor_const60a_tas_48.log
noresm2cmor_const60a_tas_48.nml
noresm2cmor_const60a_tas_49.log
noresm2cmor_const60a_tas_49.nml
noresm2cmor_const60a_tas_50.log
noresm2cmor_const60a_tas_50.nml
noresm2cmor_const60a_tas_51.log
noresm2cmor_const60a_tas_51.nml
noresm2cmor_const60a_tas_52.log
noresm2cmor_const60a_tas_52.nml
noresm2cmor_const60a_tas_53.log
noresm2cmor_const60a_tas_53.nml
noresm2cmor_const60a_tas_54.log
noresm2cmor_const60a_tas_54.nml
noresm2cmor_const60a_tas_55.log
noresm2cmor_const60a_tas_55.nml
noresm2cmor_const60a_tas_56.log
noresm2cmor_const60a_tas_56.nml
noresm2cmor_const60a_tas_57.log
noresm2cmor_const60a_tas_57.nml
noresm2cmor_const60a_tas_58.log
noresm2cmor_const60a_tas_58.nml
noresm2cmor_const60a_tas_59.log
noresm2cmor_const60a_tas_59.nml
noresm2cmor_const60a_tas_60.log
noresm2cmor_const60a_tas_60.nml
noresm2cmor_sens6_pr_01.log
noresm2cmor_sens6_pr_01.nml
noresm2cmor_sens6_pr_02.log
noresm2cmor_sens6_pr_02.nml
noresm2cmor_sens6_pr_03.log
noresm2cmor_sens6_pr_03.nml
noresm2cmor_sens6_pr_04.log
noresm2cmor_sens6_pr_04.nml
noresm2cmor_sens6_pr_05.log
noresm2cmor_sens6_pr_05.nml
noresm2cmor_sens6_pr_06.log
noresm2cmor_sens6_pr_06.nml
noresm2cmor_sens6_pr_07.log
noresm2cmor_sens6_pr_07.nml
noresm2cmor_sens6_pr_08.log
noresm2cmor_sens6_pr_08.nml
noresm2cmor_sens6_pr_09.log
noresm2cmor_sens6_pr_09.nml
noresm2cmor_sens6_pr_10.log
noresm2cmor_sens6_pr_10.nml
noresm2cmor_sens6_pr_11.log
noresm2cmor_sens6_pr_11.nml
noresm2cmor_sens6_pr_12.log
noresm2cmor_sens6_pr_12.nml
noresm2cmor_sens6_pr_13.log
noresm2cmor_sens6_pr_13.nml
noresm2cmor_sens6_pr_14.log
noresm2cmor_sens6_pr_14.nml
noresm2cmor_sens6_pr_15.log
noresm2cmor_sens6_pr_15.nml
noresm2cmor_sens6_pr_16.log
noresm2cmor_sens6_pr_16.nml
noresm2cmor_sens6_pr_17.log
noresm2cmor_sens6_pr_17.nml
noresm2cmor_sens6_pr_18.log
noresm2cmor_sens6_pr_18.nml
noresm2cmor_sens6_pr_19.log
noresm2cmor_sens6_pr_19.nml
noresm2cmor_sens6_pr_20.log
noresm2cmor_sens6_pr_20.nml
noresm2cmor_sens6_pr_21.log
noresm2cmor_sens6_pr_21.nml
noresm2cmor_sens6_pr_22.log
noresm2cmor_sens6_pr_22.nml
noresm2cmor_sens6_pr_23.log
noresm2cmor_sens6_pr_23.nml
noresm2cmor_sens6_pr_24.log
noresm2cmor_sens6_pr_24.nml
noresm2cmor_sens6_pr_25.log
noresm2cmor_sens6_pr_25.nml
noresm2cmor_sens6_pr_26.log
noresm2cmor_sens6_pr_26.nml
noresm2cmor_sens6_pr_27.log
noresm2cmor_sens6_pr_27.nml
noresm2cmor_sens6_pr_28.log
noresm2cmor_sens6_pr_28.nml
noresm2cmor_sens6_pr_29.log
noresm2cmor_sens6_pr_29.nml
noresm2cmor_sens6_pr_30.log
noresm2cmor_sens6_pr_30.nml
noresm2cmor_sens6_pr_31.log
noresm2cmor_sens6_pr_31.nml
noresm2cmor_sens6_pr_32.log
noresm2cmor_sens6_pr_32.nml
noresm2cmor_sens6_pr_33.log
noresm2cmor_sens6_pr_33.nml
noresm2cmor_sens6_pr_34.log
noresm2cmor_sens6_pr_34.nml
noresm2cmor_sens6_pr_35.log
noresm2cmor_sens6_pr_35.nml
noresm2cmor_sens6_pr_36.log
noresm2cmor_sens6_pr_36.nml
noresm2cmor_sens6_pr_37.log
noresm2cmor_sens6_pr_37.nml
noresm2cmor_sens6_pr_38.log
noresm2cmor_sens6_pr_38.nml
noresm2cmor_sens6_pr_39.log
noresm2cmor_sens6_pr_39.nml
noresm2cmor_sens6_pr_40.log
noresm2cmor_sens6_pr_40.nml
noresm2cmor_sens6_pr_41.log
noresm2cmor_sens6_pr_41.nml
noresm2cmor_sens6_pr_42.log
noresm2cmor_sens6_pr_42.nml
noresm2cmor_sens6_pr_43.log
noresm2cmor_sens6_pr_43.nml
noresm2cmor_sens6_pr_44.log
noresm2cmor_sens6_pr_44.nml
noresm2cmor_sens6_pr_45.log
noresm2cmor_sens6_pr_45.nml
noresm2cmor_sens6_pr_46.log
noresm2cmor_sens6_pr_46.nml
noresm2cmor_sens6_pr_47.log
noresm2cmor_sens6_pr_47.nml
noresm2cmor_sens6_pr_48.log
noresm2cmor_sens6_pr_48.nml
noresm2cmor_sens6_pr_49.log
noresm2cmor_sens6_pr_49.nml
noresm2cmor_sens6_pr_50.log
noresm2cmor_sens6_pr_50.nml
noresm2cmor_sens6_pr_51.log
noresm2cmor_sens6_pr_51.nml
noresm2cmor_sens6_pr_52.log
noresm2cmor_sens6_pr_52.nml
noresm2cmor_sens6_pr_53.log
noresm2cmor_sens6_pr_53.nml
noresm2cmor_sens6_pr_54.log
noresm2cmor_sens6_pr_54.nml
noresm2cmor_sens6_pr_55.log
noresm2cmor_sens6_pr_55.nml
noresm2cmor_sens6_pr_56.log
noresm2cmor_sens6_pr_56.nml
noresm2cmor_sens6_pr_57.log
noresm2cmor_sens6_pr_57.nml
noresm2cmor_sens6_pr_58.log
noresm2cmor_sens6_pr_58.nml
noresm2cmor_sens6_pr_59.log
noresm2cmor_sens6_pr_59.nml
noresm2cmor_sens6_pr_60.log
noresm2cmor_sens6_pr_60.nml
noresm2cmor_sens6_tas_01.log
noresm2cmor_sens6_tas_01.nml
noresm2cmor_sens6_tas_02.log
noresm2cmor_sens6_tas_02.nml
noresm2cmor_sens6_tas_03.log
noresm2cmor_sens6_tas_03.nml
noresm2cmor_sens6_tas_04.log
noresm2cmor_sens6_tas_04.nml
noresm2cmor_sens6_tas_05.log
noresm2cmor_sens6_tas_05.nml
noresm2cmor_sens6_tas_06.log
noresm2cmor_sens6_tas_06.nml
noresm2cmor_sens6_tas_07.log
noresm2cmor_sens6_tas_07.nml
noresm2cmor_sens6_tas_08.log
noresm2cmor_sens6_tas_08.nml
noresm2cmor_sens6_tas_09.log
noresm2cmor_sens6_tas_09.nml
noresm2cmor_sens6_tas_10.log
noresm2cmor_sens6_tas_10.nml
noresm2cmor_sens6_tas_11.log
noresm2cmor_sens6_tas_11.nml
noresm2cmor_sens6_tas_12.log
noresm2cmor_sens6_tas_12.nml
noresm2cmor_sens6_tas_13.log
noresm2cmor_sens6_tas_13.nml
noresm2cmor_sens6_tas_14.log
noresm2cmor_sens6_tas_14.nml
noresm2cmor_sens6_tas_15.log
noresm2cmor_sens6_tas_15.nml
noresm2cmor_sens6_tas_16.log
noresm2cmor_sens6_tas_16.nml
noresm2cmor_sens6_tas_17.log
noresm2cmor_sens6_tas_17.nml
noresm2cmor_sens6_tas_18.log
noresm2cmor_sens6_tas_18.nml
noresm2cmor_sens6_tas_19.log
noresm2cmor_sens6_tas_19.nml
noresm2cmor_sens6_tas_20.log
noresm2cmor_sens6_tas_20.nml
noresm2cmor_sens6_tas_21.log
noresm2cmor_sens6_tas_21.nml
noresm2cmor_sens6_tas_22.log
noresm2cmor_sens6_tas_22.nml
noresm2cmor_sens6_tas_23.log
noresm2cmor_sens6_tas_23.nml
noresm2cmor_sens6_tas_24.log
noresm2cmor_sens6_tas_24.nml
noresm2cmor_sens6_tas_25.log
noresm2cmor_sens6_tas_25.nml
noresm2cmor_sens6_tas_26.log
noresm2cmor_sens6_tas_26.nml
noresm2cmor_sens6_tas_27.log
noresm2cmor_sens6_tas_27.nml
noresm2cmor_sens6_tas_28.log
noresm2cmor_sens6_tas_28.nml
noresm2cmor_sens6_tas_29.log
noresm2cmor_sens6_tas_29.nml
noresm2cmor_sens6_tas_30.log
noresm2cmor_sens6_tas_30.nml
noresm2cmor_sens6_tas_31.log
noresm2cmor_sens6_tas_31.nml
noresm2cmor_sens6_tas_32.log
noresm2cmor_sens6_tas_32.nml
noresm2cmor_sens6_tas_33.log
noresm2cmor_sens6_tas_33.nml
noresm2cmor_sens6_tas_34.log
noresm2cmor_sens6_tas_34.nml
noresm2cmor_sens6_tas_35.log
noresm2cmor_sens6_tas_35.nml
noresm2cmor_sens6_tas_36.log
noresm2cmor_sens6_tas_36.nml
noresm2cmor_sens6_tas_37.log
noresm2cmor_sens6_tas_37.nml
noresm2cmor_sens6_tas_38.log
noresm2cmor_sens6_tas_38.nml
noresm2cmor_sens6_tas_39.log
noresm2cmor_sens6_tas_39.nml
noresm2cmor_sens6_tas_40.log
noresm2cmor_sens6_tas_40.nml
noresm2cmor_sens6_tas_41.log
noresm2cmor_sens6_tas_41.nml
noresm2cmor_sens6_tas_42.log
noresm2cmor_sens6_tas_42.nml
noresm2cmor_sens6_tas_43.log
noresm2cmor_sens6_tas_43.nml
noresm2cmor_sens6_tas_44.log
noresm2cmor_sens6_tas_44.nml
noresm2cmor_sens6_tas_45.log
noresm2cmor_sens6_tas_45.nml
noresm2cmor_sens6_tas_46.log
noresm2cmor_sens6_tas_46.nml
noresm2cmor_sens6_tas_47.log
noresm2cmor_sens6_tas_47.nml
noresm2cmor_sens6_tas_48.log
noresm2cmor_sens6_tas_48.nml
noresm2cmor_sens6_tas_49.log
noresm2cmor_sens6_tas_49.nml
noresm2cmor_sens6_tas_50.log
noresm2cmor_sens6_tas_50.nml
noresm2cmor_sens6_tas_51.log
noresm2cmor_sens6_tas_51.nml
noresm2cmor_sens6_tas_52.log
noresm2cmor_sens6_tas_52.nml
noresm2cmor_sens6_tas_53.log
noresm2cmor_sens6_tas_53.nml
noresm2cmor_sens6_tas_54.log
noresm2cmor_sens6_tas_54.nml
noresm2cmor_sens6_tas_55.log
noresm2cmor_sens6_tas_55.nml
noresm2cmor_sens6_tas_56.log
noresm2cmor_sens6_tas_56.nml
noresm2cmor_sens6_tas_57.log
noresm2cmor_sens6_tas_57.nml
noresm2cmor_sens6_tas_58.log
noresm2cmor_sens6_tas_58.nml
noresm2cmor_sens6_tas_59.log
noresm2cmor_sens6_tas_59.nml
noresm2cmor_sens6_tas_60.log
noresm2cmor_sens6_tas_60.nml
sourceMe_betzy
cp: cannot stat ‘/cluster/projects/nn9039k/ingo/cmor/noresm2cmor/namelists/V4F_NorESM1-M/noresm2cmor_V4F_rcp45NoVolc_template.nml’: No such file or directory
filelist_volcanoes4future_const60a_01
filelist_volcanoes4future_const60a_02
filelist_volcanoes4future_const60a_03
filelist_volcanoes4future_const60a_04
filelist_volcanoes4future_const60a_05
filelist_volcanoes4future_const60a_06
filelist_volcanoes4future_const60a_07
filelist_volcanoes4future_const60a_08
filelist_volcanoes4future_const60a_09
filelist_volcanoes4future_const60a_10
filelist_volcanoes4future_const60a_11
filelist_volcanoes4future_const60a_12
filelist_volcanoes4future_const60a_13
filelist_volcanoes4future_const60a_14
filelist_volcanoes4future_const60a_15
filelist_volcanoes4future_const60a_16
filelist_volcanoes4future_const60a_17
filelist_volcanoes4future_const60a_18
filelist_volcanoes4future_const60a_19
filelist_volcanoes4future_const60a_20
filelist_volcanoes4future_const60a_21
filelist_volcanoes4future_const60a_22
filelist_volcanoes4future_const60a_23
filelist_volcanoes4future_const60a_24
filelist_volcanoes4future_const60a_25
filelist_volcanoes4future_const60a_26
filelist_volcanoes4future_const60a_27
filelist_volcanoes4future_const60a_28
filelist_volcanoes4future_const60a_29
filelist_volcanoes4future_const60a_30
filelist_volcanoes4future_const60a_31
filelist_volcanoes4future_const60a_32
filelist_volcanoes4future_const60a_33
filelist_volcanoes4future_const60a_34
filelist_volcanoes4future_const60a_35
filelist_volcanoes4future_const60a_36
filelist_volcanoes4future_const60a_37
filelist_volcanoes4future_const60a_38
filelist_volcanoes4future_const60a_39
filelist_volcanoes4future_const60a_40
filelist_volcanoes4future_const60a_41
filelist_volcanoes4future_const60a_42
filelist_volcanoes4future_const60a_43
filelist_volcanoes4future_const60a_44
filelist_volcanoes4future_const60a_45
filelist_volcanoes4future_const60a_46
filelist_volcanoes4future_const60a_47
filelist_volcanoes4future_const60a_48
filelist_volcanoes4future_const60a_49
filelist_volcanoes4future_const60a_50
filelist_volcanoes4future_const60a_51
filelist_volcanoes4future_const60a_52
filelist_volcanoes4future_const60a_53
filelist_volcanoes4future_const60a_54
filelist_volcanoes4future_const60a_55
filelist_volcanoes4future_const60a_56
filelist_volcanoes4future_const60a_57
filelist_volcanoes4future_const60a_58
filelist_volcanoes4future_const60a_59
filelist_volcanoes4future_const60a_60
filelist_volcanoes4future_sens6_01
filelist_volcanoes4future_sens6_02
filelist_volcanoes4future_sens6_03
filelist_volcanoes4future_sens6_04
filelist_volcanoes4future_sens6_05
filelist_volcanoes4future_sens6_06
filelist_volcanoes4future_sens6_07
filelist_volcanoes4future_sens6_08
filelist_volcanoes4future_sens6_09
filelist_volcanoes4future_sens6_10
filelist_volcanoes4future_sens6_11
filelist_volcanoes4future_sens6_12
filelist_volcanoes4future_sens6_13
filelist_volcanoes4future_sens6_14
filelist_volcanoes4future_sens6_15
filelist_volcanoes4future_sens6_16
filelist_volcanoes4future_sens6_17
filelist_volcanoes4future_sens6_18
filelist_volcanoes4future_sens6_19
filelist_volcanoes4future_sens6_20
filelist_volcanoes4future_sens6_21
filelist_volcanoes4future_sens6_22
filelist_volcanoes4future_sens6_23
filelist_volcanoes4future_sens6_24
filelist_volcanoes4future_sens6_25
filelist_volcanoes4future_sens6_26
filelist_volcanoes4future_sens6_27
filelist_volcanoes4future_sens6_28
filelist_volcanoes4future_sens6_29
filelist_volcanoes4future_sens6_30
filelist_volcanoes4future_sens6_31
filelist_volcanoes4future_sens6_32
filelist_volcanoes4future_sens6_33
filelist_volcanoes4future_sens6_34
filelist_volcanoes4future_sens6_35
filelist_volcanoes4future_sens6_36
filelist_volcanoes4future_sens6_37
filelist_volcanoes4future_sens6_38
filelist_volcanoes4future_sens6_39
filelist_volcanoes4future_sens6_40
filelist_volcanoes4future_sens6_41
filelist_volcanoes4future_sens6_42
filelist_volcanoes4future_sens6_43
filelist_volcanoes4future_sens6_44
filelist_volcanoes4future_sens6_45
filelist_volcanoes4future_sens6_46
filelist_volcanoes4future_sens6_47
filelist_volcanoes4future_sens6_48
filelist_volcanoes4future_sens6_49
filelist_volcanoes4future_sens6_50
filelist_volcanoes4future_sens6_51
filelist_volcanoes4future_sens6_52
filelist_volcanoes4future_sens6_53
filelist_volcanoes4future_sens6_54
filelist_volcanoes4future_sens6_55
filelist_volcanoes4future_sens6_56
filelist_volcanoes4future_sens6_57
filelist_volcanoes4future_sens6_58
filelist_volcanoes4future_sens6_59
filelist_volcanoes4future_sens6_60
in.nml
noresm2cmor
noresm2cmor_const60a_pr_01.log
noresm2cmor_const60a_pr_01.nml
noresm2cmor_const60a_pr_02.log
noresm2cmor_const60a_pr_02.nml
noresm2cmor_const60a_pr_03.log
noresm2cmor_const60a_pr_03.nml
noresm2cmor_const60a_pr_04.log
noresm2cmor_const60a_pr_04.nml
noresm2cmor_const60a_pr_05.log
noresm2cmor_const60a_pr_05.nml
noresm2cmor_const60a_pr_06.log
noresm2cmor_const60a_pr_06.nml
noresm2cmor_const60a_pr_07.log
noresm2cmor_const60a_pr_07.nml
noresm2cmor_const60a_pr_08.log
noresm2cmor_const60a_pr_08.nml
noresm2cmor_const60a_pr_09.log
noresm2cmor_const60a_pr_09.nml
noresm2cmor_const60a_pr_10.log
noresm2cmor_const60a_pr_10.nml
noresm2cmor_const60a_pr_11.log
noresm2cmor_const60a_pr_11.nml
noresm2cmor_const60a_pr_12.log
noresm2cmor_const60a_pr_12.nml
noresm2cmor_const60a_pr_13.log
noresm2cmor_const60a_pr_13.nml
noresm2cmor_const60a_pr_14.log
noresm2cmor_const60a_pr_14.nml
noresm2cmor_const60a_pr_15.log
noresm2cmor_const60a_pr_15.nml
noresm2cmor_const60a_pr_16.log
noresm2cmor_const60a_pr_16.nml
noresm2cmor_const60a_pr_17.log
noresm2cmor_const60a_pr_17.nml
noresm2cmor_const60a_pr_18.log
noresm2cmor_const60a_pr_18.nml
noresm2cmor_const60a_pr_19.log
noresm2cmor_const60a_pr_19.nml
noresm2cmor_const60a_pr_20.log
noresm2cmor_const60a_pr_20.nml
noresm2cmor_const60a_pr_21.log
noresm2cmor_const60a_pr_21.nml
noresm2cmor_const60a_pr_22.log
noresm2cmor_const60a_pr_22.nml
noresm2cmor_const60a_pr_23.log
noresm2cmor_const60a_pr_23.nml
noresm2cmor_const60a_pr_24.log
noresm2cmor_const60a_pr_24.nml
noresm2cmor_const60a_pr_25.log
noresm2cmor_const60a_pr_25.nml
noresm2cmor_const60a_pr_26.log
noresm2cmor_const60a_pr_26.nml
noresm2cmor_const60a_pr_27.log
noresm2cmor_const60a_pr_27.nml
noresm2cmor_const60a_pr_28.log
noresm2cmor_const60a_pr_28.nml
noresm2cmor_const60a_pr_29.log
noresm2cmor_const60a_pr_29.nml
noresm2cmor_const60a_pr_30.log
noresm2cmor_const60a_pr_30.nml
noresm2cmor_const60a_pr_31.log
noresm2cmor_const60a_pr_31.nml
noresm2cmor_const60a_pr_32.log
noresm2cmor_const60a_pr_32.nml
noresm2cmor_const60a_pr_33.log
noresm2cmor_const60a_pr_33.nml
noresm2cmor_const60a_pr_34.log
noresm2cmor_const60a_pr_34.nml
noresm2cmor_const60a_pr_35.log
noresm2cmor_const60a_pr_35.nml
noresm2cmor_const60a_pr_36.log
noresm2cmor_const60a_pr_36.nml
noresm2cmor_const60a_pr_37.log
noresm2cmor_const60a_pr_37.nml
noresm2cmor_const60a_pr_38.log
noresm2cmor_const60a_pr_38.nml
noresm2cmor_const60a_pr_39.log
noresm2cmor_const60a_pr_39.nml
noresm2cmor_const60a_pr_40.log
noresm2cmor_const60a_pr_40.nml
noresm2cmor_const60a_pr_41.log
noresm2cmor_const60a_pr_41.nml
noresm2cmor_const60a_pr_42.log
noresm2cmor_const60a_pr_42.nml
noresm2cmor_const60a_pr_43.log
noresm2cmor_const60a_pr_43.nml
noresm2cmor_const60a_pr_44.log
noresm2cmor_const60a_pr_44.nml
noresm2cmor_const60a_pr_45.log
noresm2cmor_const60a_pr_45.nml
noresm2cmor_const60a_pr_46.log
noresm2cmor_const60a_pr_46.nml
noresm2cmor_const60a_pr_47.log
noresm2cmor_const60a_pr_47.nml
noresm2cmor_const60a_pr_48.log
noresm2cmor_const60a_pr_48.nml
noresm2cmor_const60a_pr_49.log
noresm2cmor_const60a_pr_49.nml
noresm2cmor_const60a_pr_50.log
noresm2cmor_const60a_pr_50.nml
noresm2cmor_const60a_pr_51.log
noresm2cmor_const60a_pr_51.nml
noresm2cmor_const60a_pr_52.log
noresm2cmor_const60a_pr_52.nml
noresm2cmor_const60a_pr_53.log
noresm2cmor_const60a_pr_53.nml
noresm2cmor_const60a_pr_54.log
noresm2cmor_const60a_pr_54.nml
noresm2cmor_const60a_pr_55.log
noresm2cmor_const60a_pr_55.nml
noresm2cmor_const60a_pr_56.log
noresm2cmor_const60a_pr_56.nml
noresm2cmor_const60a_pr_57.log
noresm2cmor_const60a_pr_57.nml
noresm2cmor_const60a_pr_58.log
noresm2cmor_const60a_pr_58.nml
noresm2cmor_const60a_pr_59.log
noresm2cmor_const60a_pr_59.nml
noresm2cmor_const60a_pr_60.log
noresm2cmor_const60a_pr_60.nml
noresm2cmor_const60a_tas_01.log
noresm2cmor_const60a_tas_01.nml
noresm2cmor_const60a_tas_02.log
noresm2cmor_const60a_tas_02.nml
noresm2cmor_const60a_tas_03.log
noresm2cmor_const60a_tas_03.nml
noresm2cmor_const60a_tas_04.log
noresm2cmor_const60a_tas_04.nml
noresm2cmor_const60a_tas_05.log
noresm2cmor_const60a_tas_05.nml
noresm2cmor_const60a_tas_06.log
noresm2cmor_const60a_tas_06.nml
noresm2cmor_const60a_tas_07.log
noresm2cmor_const60a_tas_07.nml
noresm2cmor_const60a_tas_08.log
noresm2cmor_const60a_tas_08.nml
noresm2cmor_const60a_tas_09.log
noresm2cmor_const60a_tas_09.nml
noresm2cmor_const60a_tas_10.log
noresm2cmor_const60a_tas_10.nml
noresm2cmor_const60a_tas_11.log
noresm2cmor_const60a_tas_11.nml
noresm2cmor_const60a_tas_12.log
noresm2cmor_const60a_tas_12.nml
noresm2cmor_const60a_tas_13.log
noresm2cmor_const60a_tas_13.nml
noresm2cmor_const60a_tas_14.log
noresm2cmor_const60a_tas_14.nml
noresm2cmor_const60a_tas_15.log
noresm2cmor_const60a_tas_15.nml
noresm2cmor_const60a_tas_16.log
noresm2cmor_const60a_tas_16.nml
noresm2cmor_const60a_tas_17.log
noresm2cmor_const60a_tas_17.nml
noresm2cmor_const60a_tas_18.log
noresm2cmor_const60a_tas_18.nml
noresm2cmor_const60a_tas_19.log
noresm2cmor_const60a_tas_19.nml
noresm2cmor_const60a_tas_20.log
noresm2cmor_const60a_tas_20.nml
noresm2cmor_const60a_tas_21.log
noresm2cmor_const60a_tas_21.nml
noresm2cmor_const60a_tas_22.log
noresm2cmor_const60a_tas_22.nml
noresm2cmor_const60a_tas_23.log
noresm2cmor_const60a_tas_23.nml
noresm2cmor_const60a_tas_24.log
noresm2cmor_const60a_tas_24.nml
noresm2cmor_const60a_tas_25.log
noresm2cmor_const60a_tas_25.nml
noresm2cmor_const60a_tas_26.log
noresm2cmor_const60a_tas_26.nml
noresm2cmor_const60a_tas_27.log
noresm2cmor_const60a_tas_27.nml
noresm2cmor_const60a_tas_28.log
noresm2cmor_const60a_tas_28.nml
noresm2cmor_const60a_tas_29.log
noresm2cmor_const60a_tas_29.nml
noresm2cmor_const60a_tas_30.log
noresm2cmor_const60a_tas_30.nml
noresm2cmor_const60a_tas_31.log
noresm2cmor_const60a_tas_31.nml
noresm2cmor_const60a_tas_32.log
noresm2cmor_const60a_tas_32.nml
noresm2cmor_const60a_tas_33.log
noresm2cmor_const60a_tas_33.nml
noresm2cmor_const60a_tas_34.log
noresm2cmor_const60a_tas_34.nml
noresm2cmor_const60a_tas_35.log
noresm2cmor_const60a_tas_35.nml
noresm2cmor_const60a_tas_36.log
noresm2cmor_const60a_tas_36.nml
noresm2cmor_const60a_tas_37.log
noresm2cmor_const60a_tas_37.nml
noresm2cmor_const60a_tas_38.log
noresm2cmor_const60a_tas_38.nml
noresm2cmor_const60a_tas_39.log
noresm2cmor_const60a_tas_39.nml
noresm2cmor_const60a_tas_40.log
noresm2cmor_const60a_tas_40.nml
noresm2cmor_const60a_tas_41.log
noresm2cmor_const60a_tas_41.nml
noresm2cmor_const60a_tas_42.log
noresm2cmor_const60a_tas_42.nml
noresm2cmor_const60a_tas_43.log
noresm2cmor_const60a_tas_43.nml
noresm2cmor_const60a_tas_44.log
noresm2cmor_const60a_tas_44.nml
noresm2cmor_const60a_tas_45.log
noresm2cmor_const60a_tas_45.nml
noresm2cmor_const60a_tas_46.log
noresm2cmor_const60a_tas_46.nml
noresm2cmor_const60a_tas_47.log
noresm2cmor_const60a_tas_47.nml
noresm2cmor_const60a_tas_48.log
noresm2cmor_const60a_tas_48.nml
noresm2cmor_const60a_tas_49.log
noresm2cmor_const60a_tas_49.nml
noresm2cmor_const60a_tas_50.log
noresm2cmor_const60a_tas_50.nml
noresm2cmor_const60a_tas_51.log
noresm2cmor_const60a_tas_51.nml
noresm2cmor_const60a_tas_52.log
noresm2cmor_const60a_tas_52.nml
noresm2cmor_const60a_tas_53.log
noresm2cmor_const60a_tas_53.nml
noresm2cmor_const60a_tas_54.log
noresm2cmor_const60a_tas_54.nml
noresm2cmor_const60a_tas_55.log
noresm2cmor_const60a_tas_55.nml
noresm2cmor_const60a_tas_56.log
noresm2cmor_const60a_tas_56.nml
noresm2cmor_const60a_tas_57.log
noresm2cmor_const60a_tas_57.nml
noresm2cmor_const60a_tas_58.log
noresm2cmor_const60a_tas_58.nml
noresm2cmor_const60a_tas_59.log
noresm2cmor_const60a_tas_59.nml
noresm2cmor_const60a_tas_60.log
noresm2cmor_const60a_tas_60.nml
noresm2cmor_sens6_pr_01.log
noresm2cmor_sens6_pr_01.nml
noresm2cmor_sens6_pr_02.log
noresm2cmor_sens6_pr_02.nml
noresm2cmor_sens6_pr_03.log
noresm2cmor_sens6_pr_03.nml
noresm2cmor_sens6_pr_04.log
noresm2cmor_sens6_pr_04.nml
noresm2cmor_sens6_pr_05.log
noresm2cmor_sens6_pr_05.nml
noresm2cmor_sens6_pr_06.log
noresm2cmor_sens6_pr_06.nml
noresm2cmor_sens6_pr_07.log
noresm2cmor_sens6_pr_07.nml
noresm2cmor_sens6_pr_08.log
noresm2cmor_sens6_pr_08.nml
noresm2cmor_sens6_pr_09.log
noresm2cmor_sens6_pr_09.nml
noresm2cmor_sens6_pr_10.log
noresm2cmor_sens6_pr_10.nml
noresm2cmor_sens6_pr_11.log
noresm2cmor_sens6_pr_11.nml
noresm2cmor_sens6_pr_12.log
noresm2cmor_sens6_pr_12.nml
noresm2cmor_sens6_pr_13.log
noresm2cmor_sens6_pr_13.nml
noresm2cmor_sens6_pr_14.log
noresm2cmor_sens6_pr_14.nml
noresm2cmor_sens6_pr_15.log
noresm2cmor_sens6_pr_15.nml
noresm2cmor_sens6_pr_16.log
noresm2cmor_sens6_pr_16.nml
noresm2cmor_sens6_pr_17.log
noresm2cmor_sens6_pr_17.nml
noresm2cmor_sens6_pr_18.log
noresm2cmor_sens6_pr_18.nml
noresm2cmor_sens6_pr_19.log
noresm2cmor_sens6_pr_19.nml
noresm2cmor_sens6_pr_20.log
noresm2cmor_sens6_pr_20.nml
noresm2cmor_sens6_pr_21.log
noresm2cmor_sens6_pr_21.nml
noresm2cmor_sens6_pr_22.log
noresm2cmor_sens6_pr_22.nml
noresm2cmor_sens6_pr_23.log
noresm2cmor_sens6_pr_23.nml
noresm2cmor_sens6_pr_24.log
noresm2cmor_sens6_pr_24.nml
noresm2cmor_sens6_pr_25.log
noresm2cmor_sens6_pr_25.nml
noresm2cmor_sens6_pr_26.log
noresm2cmor_sens6_pr_26.nml
noresm2cmor_sens6_pr_27.log
noresm2cmor_sens6_pr_27.nml
noresm2cmor_sens6_pr_28.log
noresm2cmor_sens6_pr_28.nml
noresm2cmor_sens6_pr_29.log
noresm2cmor_sens6_pr_29.nml
noresm2cmor_sens6_pr_30.log
noresm2cmor_sens6_pr_30.nml
noresm2cmor_sens6_pr_31.log
noresm2cmor_sens6_pr_31.nml
noresm2cmor_sens6_pr_32.log
noresm2cmor_sens6_pr_32.nml
noresm2cmor_sens6_pr_33.log
noresm2cmor_sens6_pr_33.nml
noresm2cmor_sens6_pr_34.log
noresm2cmor_sens6_pr_34.nml
noresm2cmor_sens6_pr_35.log
noresm2cmor_sens6_pr_35.nml
noresm2cmor_sens6_pr_36.log
noresm2cmor_sens6_pr_36.nml
noresm2cmor_sens6_pr_37.log
noresm2cmor_sens6_pr_37.nml
noresm2cmor_sens6_pr_38.log
noresm2cmor_sens6_pr_38.nml
noresm2cmor_sens6_pr_39.log
noresm2cmor_sens6_pr_39.nml
noresm2cmor_sens6_pr_40.log
noresm2cmor_sens6_pr_40.nml
noresm2cmor_sens6_pr_41.log
noresm2cmor_sens6_pr_41.nml
noresm2cmor_sens6_pr_42.log
noresm2cmor_sens6_pr_42.nml
noresm2cmor_sens6_pr_43.log
noresm2cmor_sens6_pr_43.nml
noresm2cmor_sens6_pr_44.log
noresm2cmor_sens6_pr_44.nml
noresm2cmor_sens6_pr_45.log
noresm2cmor_sens6_pr_45.nml
noresm2cmor_sens6_pr_46.log
noresm2cmor_sens6_pr_46.nml
noresm2cmor_sens6_pr_47.log
noresm2cmor_sens6_pr_47.nml
noresm2cmor_sens6_pr_48.log
noresm2cmor_sens6_pr_48.nml
noresm2cmor_sens6_pr_49.log
noresm2cmor_sens6_pr_49.nml
noresm2cmor_sens6_pr_50.log
noresm2cmor_sens6_pr_50.nml
noresm2cmor_sens6_pr_51.log
noresm2cmor_sens6_pr_51.nml
noresm2cmor_sens6_pr_52.log
noresm2cmor_sens6_pr_52.nml
noresm2cmor_sens6_pr_53.log
noresm2cmor_sens6_pr_53.nml
noresm2cmor_sens6_pr_54.log
noresm2cmor_sens6_pr_54.nml
noresm2cmor_sens6_pr_55.log
noresm2cmor_sens6_pr_55.nml
noresm2cmor_sens6_pr_56.log
noresm2cmor_sens6_pr_56.nml
noresm2cmor_sens6_pr_57.log
noresm2cmor_sens6_pr_57.nml
noresm2cmor_sens6_pr_58.log
noresm2cmor_sens6_pr_58.nml
noresm2cmor_sens6_pr_59.log
noresm2cmor_sens6_pr_59.nml
noresm2cmor_sens6_pr_60.log
noresm2cmor_sens6_pr_60.nml
noresm2cmor_sens6_tas_01.log
noresm2cmor_sens6_tas_01.nml
noresm2cmor_sens6_tas_02.log
noresm2cmor_sens6_tas_02.nml
noresm2cmor_sens6_tas_03.log
noresm2cmor_sens6_tas_03.nml
noresm2cmor_sens6_tas_04.log
noresm2cmor_sens6_tas_04.nml
noresm2cmor_sens6_tas_05.log
noresm2cmor_sens6_tas_05.nml
noresm2cmor_sens6_tas_06.log
noresm2cmor_sens6_tas_06.nml
noresm2cmor_sens6_tas_07.log
noresm2cmor_sens6_tas_07.nml
noresm2cmor_sens6_tas_08.log
noresm2cmor_sens6_tas_08.nml
noresm2cmor_sens6_tas_09.log
noresm2cmor_sens6_tas_09.nml
noresm2cmor_sens6_tas_10.log
noresm2cmor_sens6_tas_10.nml
noresm2cmor_sens6_tas_11.log
noresm2cmor_sens6_tas_11.nml
noresm2cmor_sens6_tas_12.log
noresm2cmor_sens6_tas_12.nml
noresm2cmor_sens6_tas_13.log
noresm2cmor_sens6_tas_13.nml
noresm2cmor_sens6_tas_14.log
noresm2cmor_sens6_tas_14.nml
noresm2cmor_sens6_tas_15.log
noresm2cmor_sens6_tas_15.nml
noresm2cmor_sens6_tas_16.log
noresm2cmor_sens6_tas_16.nml
noresm2cmor_sens6_tas_17.log
noresm2cmor_sens6_tas_17.nml
noresm2cmor_sens6_tas_18.log
noresm2cmor_sens6_tas_18.nml
noresm2cmor_sens6_tas_19.log
noresm2cmor_sens6_tas_19.nml
noresm2cmor_sens6_tas_20.log
noresm2cmor_sens6_tas_20.nml
noresm2cmor_sens6_tas_21.log
noresm2cmor_sens6_tas_21.nml
noresm2cmor_sens6_tas_22.log
noresm2cmor_sens6_tas_22.nml
noresm2cmor_sens6_tas_23.log
noresm2cmor_sens6_tas_23.nml
noresm2cmor_sens6_tas_24.log
noresm2cmor_sens6_tas_24.nml
noresm2cmor_sens6_tas_25.log
noresm2cmor_sens6_tas_25.nml
noresm2cmor_sens6_tas_26.log
noresm2cmor_sens6_tas_26.nml
noresm2cmor_sens6_tas_27.log
noresm2cmor_sens6_tas_27.nml
noresm2cmor_sens6_tas_28.log
noresm2cmor_sens6_tas_28.nml
noresm2cmor_sens6_tas_29.log
noresm2cmor_sens6_tas_29.nml
noresm2cmor_sens6_tas_30.log
noresm2cmor_sens6_tas_30.nml
noresm2cmor_sens6_tas_31.log
noresm2cmor_sens6_tas_31.nml
noresm2cmor_sens6_tas_32.log
noresm2cmor_sens6_tas_32.nml
noresm2cmor_sens6_tas_33.log
noresm2cmor_sens6_tas_33.nml
noresm2cmor_sens6_tas_34.log
noresm2cmor_sens6_tas_34.nml
noresm2cmor_sens6_tas_35.log
noresm2cmor_sens6_tas_35.nml
noresm2cmor_sens6_tas_36.log
noresm2cmor_sens6_tas_36.nml
noresm2cmor_sens6_tas_37.log
noresm2cmor_sens6_tas_37.nml
noresm2cmor_sens6_tas_38.log
noresm2cmor_sens6_tas_38.nml
noresm2cmor_sens6_tas_39.log
noresm2cmor_sens6_tas_39.nml
noresm2cmor_sens6_tas_40.log
noresm2cmor_sens6_tas_40.nml
noresm2cmor_sens6_tas_41.log
noresm2cmor_sens6_tas_41.nml
noresm2cmor_sens6_tas_42.log
noresm2cmor_sens6_tas_42.nml
noresm2cmor_sens6_tas_43.log
noresm2cmor_sens6_tas_43.nml
noresm2cmor_sens6_tas_44.log
noresm2cmor_sens6_tas_44.nml
noresm2cmor_sens6_tas_45.log
noresm2cmor_sens6_tas_45.nml
noresm2cmor_sens6_tas_46.log
noresm2cmor_sens6_tas_46.nml
noresm2cmor_sens6_tas_47.log
noresm2cmor_sens6_tas_47.nml
noresm2cmor_sens6_tas_48.log
noresm2cmor_sens6_tas_48.nml
noresm2cmor_sens6_tas_49.log
noresm2cmor_sens6_tas_49.nml
noresm2cmor_sens6_tas_50.log
noresm2cmor_sens6_tas_50.nml
noresm2cmor_sens6_tas_51.log
noresm2cmor_sens6_tas_51.nml
noresm2cmor_sens6_tas_52.log
noresm2cmor_sens6_tas_52.nml
noresm2cmor_sens6_tas_53.log
noresm2cmor_sens6_tas_53.nml
noresm2cmor_sens6_tas_54.log
noresm2cmor_sens6_tas_54.nml
noresm2cmor_sens6_tas_55.log
noresm2cmor_sens6_tas_55.nml
noresm2cmor_sens6_tas_56.log
noresm2cmor_sens6_tas_56.nml
noresm2cmor_sens6_tas_57.log
noresm2cmor_sens6_tas_57.nml
noresm2cmor_sens6_tas_58.log
noresm2cmor_sens6_tas_58.nml
noresm2cmor_sens6_tas_59.log
noresm2cmor_sens6_tas_59.nml
noresm2cmor_sens6_tas_60.log
noresm2cmor_sens6_tas_60.nml
sourceMe_betzy
/cluster/projects/nn9039k/ingo/cmor/noresm2cmor/bin/noresm2cmor_cont60a_pr_01.log
/cluster/projects/nn9039k/ingo/cmor/noresm2cmor/bin/noresm2cmor_cont60a_pr_02.log
/cluster/projects/nn9039k/ingo/cmor/noresm2cmor/bin/noresm2cmor_cont60a_pr_03.log
/cluster/projects/nn9039k/ingo/cmor/noresm2cmor/bin/noresm2cmor_cont60a_pr_04.log
/cluster/projects/nn9039k/ingo/cmor/noresm2cmor/bin/noresm2cmor_cont60a_pr_05.log
/cluster/projects/nn9039k/ingo/cmor/noresm2cmor/bin/noresm2cmor_cont60a_pr_06.log
/cluster/projects/nn9039k/ingo/cmor/noresm2cmor/bin/noresm2cmor_cont60a_pr_07.log
/cluster/projects/nn9039k/ingo/cmor/noresm2cmor/bin/noresm2cmor_cont60a_pr_08.log
/cluster/projects/nn9039k/ingo/cmor/noresm2cmor/bin/noresm2cmor_cont60a_pr_09.log
/cluster/projects/nn9039k/ingo/cmor/noresm2cmor/bin/noresm2cmor_cont60a_pr_10.log
/cluster/projects/nn9039k/ingo/cmor/noresm2cmor/bin/noresm2cmor_cont60a_pr_11.log
/cluster/projects/nn9039k/ingo/cmor/noresm2cmor/bin/noresm2cmor_cont60a_pr_12.log
/cluster/projects/nn9039k/ingo/cmor/noresm2cmor/bin/noresm2cmor_cont60a_pr_13.log
/cluster/projects/nn9039k/ingo/cmor/noresm2cmor/bin/noresm2cmor_cont60a_pr_14.log
/cluster/projects/nn9039k/ingo/cmor/noresm2cmor/bin/noresm2cmor_cont60a_pr_15.log
/cluster/projects/nn9039k/ingo/cmor/noresm2cmor/bin/noresm2cmor_cont60a_pr_16.log
/cluster/projects/nn9039k/ingo/cmor/noresm2cmor/bin/noresm2cmor_cont60a_pr_17.log
/cluster/projects/nn9039k/ingo/cmor/noresm2cmor/bin/noresm2cmor_cont60a_pr_18.log
/cluster/projects/nn9039k/ingo/cmor/noresm2cmor/bin/noresm2cmor_cont60a_pr_19.log
/cluster/projects/nn9039k/ingo/cmor/noresm2cmor/bin/noresm2cmor_cont60a_pr_20.log
/cluster/projects/nn9039k/ingo/cmor/noresm2cmor/bin/noresm2cmor_cont60a_pr_21.log
/cluster/projects/nn9039k/ingo/cmor/noresm2cmor/bin/noresm2cmor_cont60a_pr_22.log
/cluster/projects/nn9039k/ingo/cmor/noresm2cmor/bin/noresm2cmor_cont60a_pr_23.log
/cluster/projects/nn9039k/ingo/cmor/noresm2cmor/bin/noresm2cmor_cont60a_pr_24.log
/cluster/projects/nn9039k/ingo/cmor/noresm2cmor/bin/noresm2cmor_cont60a_pr_25.log
/cluster/projects/nn9039k/ingo/cmor/noresm2cmor/bin/noresm2cmor_cont60a_pr_26.log
/cluster/projects/nn9039k/ingo/cmor/noresm2cmor/bin/noresm2cmor_cont60a_pr_27.log
/cluster/projects/nn9039k/ingo/cmor/noresm2cmor/bin/noresm2cmor_cont60a_pr_28.log
/cluster/projects/nn9039k/ingo/cmor/noresm2cmor/bin/noresm2cmor_cont60a_pr_29.log
/cluster/projects/nn9039k/ingo/cmor/noresm2cmor/bin/noresm2cmor_cont60a_pr_30.log
/cluster/projects/nn9039k/ingo/cmor/noresm2cmor/bin/noresm2cmor_cont60a_pr_31.log
/cluster/projects/nn9039k/ingo/cmor/noresm2cmor/bin/noresm2cmor_cont60a_pr_32.log
/cluster/projects/nn9039k/ingo/cmor/noresm2cmor/bin/noresm2cmor_cont60a_pr_33.log
/cluster/projects/nn9039k/ingo/cmor/noresm2cmor/bin/noresm2cmor_cont60a_pr_34.log
/cluster/projects/nn9039k/ingo/cmor/noresm2cmor/bin/noresm2cmor_cont60a_pr_35.log
/cluster/projects/nn9039k/ingo/cmor/noresm2cmor/bin/noresm2cmor_cont60a_pr_36.log
/cluster/projects/nn9039k/ingo/cmor/noresm2cmor/bin/noresm2cmor_cont60a_pr_37.log
/cluster/projects/nn9039k/ingo/cmor/noresm2cmor/bin/noresm2cmor_cont60a_pr_38.log
/cluster/projects/nn9039k/ingo/cmor/noresm2cmor/bin/noresm2cmor_cont60a_pr_39.log
/cluster/projects/nn9039k/ingo/cmor/noresm2cmor/bin/noresm2cmor_cont60a_pr_40.log
/cluster/projects/nn9039k/ingo/cmor/noresm2cmor/bin/noresm2cmor_cont60a_pr_41.log
/cluster/projects/nn9039k/ingo/cmor/noresm2cmor/bin/noresm2cmor_cont60a_pr_42.log
/cluster/projects/nn9039k/ingo/cmor/noresm2cmor/bin/noresm2cmor_cont60a_pr_43.log
/cluster/projects/nn9039k/ingo/cmor/noresm2cmor/bin/noresm2cmor_cont60a_pr_44.log
/cluster/projects/nn9039k/ingo/cmor/noresm2cmor/bin/noresm2cmor_cont60a_pr_45.log
/cluster/projects/nn9039k/ingo/cmor/noresm2cmor/bin/noresm2cmor_cont60a_pr_46.log
/cluster/projects/nn9039k/ingo/cmor/noresm2cmor/bin/noresm2cmor_cont60a_pr_47.log
/cluster/projects/nn9039k/ingo/cmor/noresm2cmor/bin/noresm2cmor_cont60a_pr_48.log
/cluster/projects/nn9039k/ingo/cmor/noresm2cmor/bin/noresm2cmor_cont60a_pr_49.log
/cluster/projects/nn9039k/ingo/cmor/noresm2cmor/bin/noresm2cmor_cont60a_pr_50.log
/cluster/projects/nn9039k/ingo/cmor/noresm2cmor/bin/noresm2cmor_cont60a_pr_51.log
/cluster/projects/nn9039k/ingo/cmor/noresm2cmor/bin/noresm2cmor_cont60a_pr_52.log
/cluster/projects/nn9039k/ingo/cmor/noresm2cmor/bin/noresm2cmor_cont60a_pr_53.log
/cluster/projects/nn9039k/ingo/cmor/noresm2cmor/bin/noresm2cmor_cont60a_pr_54.log
/cluster/projects/nn9039k/ingo/cmor/noresm2cmor/bin/noresm2cmor_cont60a_pr_55.log
/cluster/projects/nn9039k/ingo/cmor/noresm2cmor/bin/noresm2cmor_cont60a_pr_56.log
/cluster/projects/nn9039k/ingo/cmor/noresm2cmor/bin/noresm2cmor_cont60a_pr_57.log
/cluster/projects/nn9039k/ingo/cmor/noresm2cmor/bin/noresm2cmor_cont60a_pr_58.log
/cluster/projects/nn9039k/ingo/cmor/noresm2cmor/bin/noresm2cmor_cont60a_pr_59.log
/cluster/projects/nn9039k/ingo/cmor/noresm2cmor/bin/noresm2cmor_cont60a_pr_60.log
/cluster/projects/nn9039k/ingo/cmor/noresm2cmor/bin/noresm2cmor_cont60a_tas_01.log
/cluster/projects/nn9039k/ingo/cmor/noresm2cmor/bin/noresm2cmor_cont60a_tas_02.log
/cluster/projects/nn9039k/ingo/cmor/noresm2cmor/bin/noresm2cmor_cont60a_tas_03.log
/cluster/projects/nn9039k/ingo/cmor/noresm2cmor/bin/noresm2cmor_cont60a_tas_04.log
/cluster/projects/nn9039k/ingo/cmor/noresm2cmor/bin/noresm2cmor_cont60a_tas_05.log
/cluster/projects/nn9039k/ingo/cmor/noresm2cmor/bin/noresm2cmor_cont60a_tas_06.log
/cluster/projects/nn9039k/ingo/cmor/noresm2cmor/bin/noresm2cmor_cont60a_tas_07.log
/cluster/projects/nn9039k/ingo/cmor/noresm2cmor/bin/noresm2cmor_cont60a_tas_08.log
/cluster/projects/nn9039k/ingo/cmor/noresm2cmor/bin/noresm2cmor_cont60a_tas_09.log
/cluster/projects/nn9039k/ingo/cmor/noresm2cmor/bin/noresm2cmor_cont60a_tas_10.log
/cluster/projects/nn9039k/ingo/cmor/noresm2cmor/bin/noresm2cmor_cont60a_tas_11.log
/cluster/projects/nn9039k/ingo/cmor/noresm2cmor/bin/noresm2cmor_cont60a_tas_12.log
/cluster/projects/nn9039k/ingo/cmor/noresm2cmor/bin/noresm2cmor_cont60a_tas_13.log
/cluster/projects/nn9039k/ingo/cmor/noresm2cmor/bin/noresm2cmor_cont60a_tas_14.log
/cluster/projects/nn9039k/ingo/cmor/noresm2cmor/bin/noresm2cmor_cont60a_tas_15.log
/cluster/projects/nn9039k/ingo/cmor/noresm2cmor/bin/noresm2cmor_cont60a_tas_16.log
/cluster/projects/nn9039k/ingo/cmor/noresm2cmor/bin/noresm2cmor_cont60a_tas_17.log
/cluster/projects/nn9039k/ingo/cmor/noresm2cmor/bin/noresm2cmor_cont60a_tas_18.log
/cluster/projects/nn9039k/ingo/cmor/noresm2cmor/bin/noresm2cmor_cont60a_tas_19.log
/cluster/projects/nn9039k/ingo/cmor/noresm2cmor/bin/noresm2cmor_cont60a_tas_20.log
/cluster/projects/nn9039k/ingo/cmor/noresm2cmor/bin/noresm2cmor_cont60a_tas_21.log
/cluster/projects/nn9039k/ingo/cmor/noresm2cmor/bin/noresm2cmor_cont60a_tas_22.log
/cluster/projects/nn9039k/ingo/cmor/noresm2cmor/bin/noresm2cmor_cont60a_tas_23.log
/cluster/projects/nn9039k/ingo/cmor/noresm2cmor/bin/noresm2cmor_cont60a_tas_24.log
/cluster/projects/nn9039k/ingo/cmor/noresm2cmor/bin/noresm2cmor_cont60a_tas_25.log
/cluster/projects/nn9039k/ingo/cmor/noresm2cmor/bin/noresm2cmor_cont60a_tas_26.log
/cluster/projects/nn9039k/ingo/cmor/noresm2cmor/bin/noresm2cmor_cont60a_tas_27.log
/cluster/projects/nn9039k/ingo/cmor/noresm2cmor/bin/noresm2cmor_cont60a_tas_28.log
/cluster/projects/nn9039k/ingo/cmor/noresm2cmor/bin/noresm2cmor_cont60a_tas_29.log
/cluster/projects/nn9039k/ingo/cmor/noresm2cmor/bin/noresm2cmor_cont60a_tas_30.log
/cluster/projects/nn9039k/ingo/cmor/noresm2cmor/bin/noresm2cmor_cont60a_tas_31.log
/cluster/projects/nn9039k/ingo/cmor/noresm2cmor/bin/noresm2cmor_cont60a_tas_32.log
/cluster/projects/nn9039k/ingo/cmor/noresm2cmor/bin/noresm2cmor_cont60a_tas_33.log
/cluster/projects/nn9039k/ingo/cmor/noresm2cmor/bin/noresm2cmor_cont60a_tas_34.log
/cluster/projects/nn9039k/ingo/cmor/noresm2cmor/bin/noresm2cmor_cont60a_tas_35.log
/cluster/projects/nn9039k/ingo/cmor/noresm2cmor/bin/noresm2cmor_cont60a_tas_36.log
/cluster/projects/nn9039k/ingo/cmor/noresm2cmor/bin/noresm2cmor_cont60a_tas_37.log
/cluster/projects/nn9039k/ingo/cmor/noresm2cmor/bin/noresm2cmor_cont60a_tas_38.log
/cluster/projects/nn9039k/ingo/cmor/noresm2cmor/bin/noresm2cmor_cont60a_tas_39.log
/cluster/projects/nn9039k/ingo/cmor/noresm2cmor/bin/noresm2cmor_cont60a_tas_40.log
/cluster/projects/nn9039k/ingo/cmor/noresm2cmor/bin/noresm2cmor_cont60a_tas_41.log
/cluster/projects/nn9039k/ingo/cmor/noresm2cmor/bin/noresm2cmor_cont60a_tas_42.log
/cluster/projects/nn9039k/ingo/cmor/noresm2cmor/bin/noresm2cmor_cont60a_tas_43.log
/cluster/projects/nn9039k/ingo/cmor/noresm2cmor/bin/noresm2cmor_cont60a_tas_44.log
/cluster/projects/nn9039k/ingo/cmor/noresm2cmor/bin/noresm2cmor_cont60a_tas_45.log
/cluster/projects/nn9039k/ingo/cmor/noresm2cmor/bin/noresm2cmor_cont60a_tas_46.log
/cluster/projects/nn9039k/ingo/cmor/noresm2cmor/bin/noresm2cmor_cont60a_tas_47.log
/cluster/projects/nn9039k/ingo/cmor/noresm2cmor/bin/noresm2cmor_cont60a_tas_48.log
/cluster/projects/nn9039k/ingo/cmor/noresm2cmor/bin/noresm2cmor_cont60a_tas_49.log
/cluster/projects/nn9039k/ingo/cmor/noresm2cmor/bin/noresm2cmor_cont60a_tas_50.log
/cluster/projects/nn9039k/ingo/cmor/noresm2cmor/bin/noresm2cmor_cont60a_tas_51.log
/cluster/projects/nn9039k/ingo/cmor/noresm2cmor/bin/noresm2cmor_cont60a_tas_52.log
/cluster/projects/nn9039k/ingo/cmor/noresm2cmor/bin/noresm2cmor_cont60a_tas_53.log
/cluster/projects/nn9039k/ingo/cmor/noresm2cmor/bin/noresm2cmor_cont60a_tas_54.log
/cluster/projects/nn9039k/ingo/cmor/noresm2cmor/bin/noresm2cmor_cont60a_tas_55.log
/cluster/projects/nn9039k/ingo/cmor/noresm2cmor/bin/noresm2cmor_cont60a_tas_56.log
/cluster/projects/nn9039k/ingo/cmor/noresm2cmor/bin/noresm2cmor_cont60a_tas_57.log
/cluster/projects/nn9039k/ingo/cmor/noresm2cmor/bin/noresm2cmor_cont60a_tas_58.log
/cluster/projects/nn9039k/ingo/cmor/noresm2cmor/bin/noresm2cmor_cont60a_tas_59.log
/cluster/projects/nn9039k/ingo/cmor/noresm2cmor/bin/noresm2cmor_cont60a_tas_60.log
filelist_volcanoes4future_const60a_01
filelist_volcanoes4future_const60a_02
filelist_volcanoes4future_const60a_03
filelist_volcanoes4future_const60a_04
filelist_volcanoes4future_const60a_05
filelist_volcanoes4future_const60a_06
filelist_volcanoes4future_const60a_07
filelist_volcanoes4future_const60a_08
filelist_volcanoes4future_const60a_09
filelist_volcanoes4future_const60a_10
filelist_volcanoes4future_const60a_11
filelist_volcanoes4future_const60a_12
filelist_volcanoes4future_const60a_13
filelist_volcanoes4future_const60a_14
filelist_volcanoes4future_const60a_15
filelist_volcanoes4future_const60a_16
filelist_volcanoes4future_const60a_17
filelist_volcanoes4future_const60a_18
filelist_volcanoes4future_const60a_19
filelist_volcanoes4future_const60a_20
filelist_volcanoes4future_const60a_21
filelist_volcanoes4future_const60a_22
filelist_volcanoes4future_const60a_23
filelist_volcanoes4future_const60a_24
filelist_volcanoes4future_const60a_25
filelist_volcanoes4future_const60a_26
filelist_volcanoes4future_const60a_27
filelist_volcanoes4future_const60a_28
filelist_volcanoes4future_const60a_29
filelist_volcanoes4future_const60a_30
filelist_volcanoes4future_const60a_31
filelist_volcanoes4future_const60a_32
filelist_volcanoes4future_const60a_33
filelist_volcanoes4future_const60a_34
filelist_volcanoes4future_const60a_35
filelist_volcanoes4future_const60a_36
filelist_volcanoes4future_const60a_37
filelist_volcanoes4future_const60a_38
filelist_volcanoes4future_const60a_39
filelist_volcanoes4future_const60a_40
filelist_volcanoes4future_const60a_41
filelist_volcanoes4future_const60a_42
filelist_volcanoes4future_const60a_43
filelist_volcanoes4future_const60a_44
filelist_volcanoes4future_const60a_45
filelist_volcanoes4future_const60a_46
filelist_volcanoes4future_const60a_47
filelist_volcanoes4future_const60a_48
filelist_volcanoes4future_const60a_49
filelist_volcanoes4future_const60a_50
filelist_volcanoes4future_const60a_51
filelist_volcanoes4future_const60a_52
filelist_volcanoes4future_const60a_53
filelist_volcanoes4future_const60a_54
filelist_volcanoes4future_const60a_55
filelist_volcanoes4future_const60a_56
filelist_volcanoes4future_const60a_57
filelist_volcanoes4future_const60a_58
filelist_volcanoes4future_const60a_59
filelist_volcanoes4future_const60a_60
filelist_volcanoes4future_cont60a_01
filelist_volcanoes4future_cont60a_02
filelist_volcanoes4future_cont60a_03
filelist_volcanoes4future_cont60a_04
filelist_volcanoes4future_cont60a_05
filelist_volcanoes4future_cont60a_06
filelist_volcanoes4future_cont60a_07
filelist_volcanoes4future_cont60a_08
filelist_volcanoes4future_cont60a_09
filelist_volcanoes4future_cont60a_10
filelist_volcanoes4future_cont60a_11
filelist_volcanoes4future_cont60a_12
filelist_volcanoes4future_cont60a_13
filelist_volcanoes4future_cont60a_14
filelist_volcanoes4future_cont60a_15
filelist_volcanoes4future_cont60a_16
filelist_volcanoes4future_cont60a_17
filelist_volcanoes4future_cont60a_18
filelist_volcanoes4future_cont60a_19
filelist_volcanoes4future_cont60a_20
filelist_volcanoes4future_cont60a_21
filelist_volcanoes4future_cont60a_22
filelist_volcanoes4future_cont60a_23
filelist_volcanoes4future_cont60a_24
filelist_volcanoes4future_cont60a_25
filelist_volcanoes4future_cont60a_26
filelist_volcanoes4future_cont60a_27
filelist_volcanoes4future_cont60a_28
filelist_volcanoes4future_cont60a_29
filelist_volcanoes4future_cont60a_30
filelist_volcanoes4future_cont60a_31
filelist_volcanoes4future_cont60a_32
filelist_volcanoes4future_cont60a_33
filelist_volcanoes4future_cont60a_34
filelist_volcanoes4future_cont60a_35
filelist_volcanoes4future_cont60a_36
filelist_volcanoes4future_cont60a_37
filelist_volcanoes4future_cont60a_38
filelist_volcanoes4future_cont60a_39
filelist_volcanoes4future_cont60a_40
filelist_volcanoes4future_cont60a_41
filelist_volcanoes4future_cont60a_42
filelist_volcanoes4future_cont60a_43
filelist_volcanoes4future_cont60a_44
filelist_volcanoes4future_cont60a_45
filelist_volcanoes4future_cont60a_46
filelist_volcanoes4future_cont60a_47
filelist_volcanoes4future_cont60a_48
filelist_volcanoes4future_cont60a_49
filelist_volcanoes4future_cont60a_50
filelist_volcanoes4future_cont60a_51
filelist_volcanoes4future_cont60a_52
filelist_volcanoes4future_cont60a_53
filelist_volcanoes4future_cont60a_54
filelist_volcanoes4future_cont60a_55
filelist_volcanoes4future_cont60a_56
filelist_volcanoes4future_cont60a_57
filelist_volcanoes4future_cont60a_58
filelist_volcanoes4future_cont60a_59
filelist_volcanoes4future_cont60a_60
filelist_volcanoes4future_sens6_01
filelist_volcanoes4future_sens6_02
filelist_volcanoes4future_sens6_03
filelist_volcanoes4future_sens6_04
filelist_volcanoes4future_sens6_05
filelist_volcanoes4future_sens6_06
filelist_volcanoes4future_sens6_07
filelist_volcanoes4future_sens6_08
filelist_volcanoes4future_sens6_09
filelist_volcanoes4future_sens6_10
filelist_volcanoes4future_sens6_11
filelist_volcanoes4future_sens6_12
filelist_volcanoes4future_sens6_13
filelist_volcanoes4future_sens6_14
filelist_volcanoes4future_sens6_15
filelist_volcanoes4future_sens6_16
filelist_volcanoes4future_sens6_17
filelist_volcanoes4future_sens6_18
filelist_volcanoes4future_sens6_19
filelist_volcanoes4future_sens6_20
filelist_volcanoes4future_sens6_21
filelist_volcanoes4future_sens6_22
filelist_volcanoes4future_sens6_23
filelist_volcanoes4future_sens6_24
filelist_volcanoes4future_sens6_25
filelist_volcanoes4future_sens6_26
filelist_volcanoes4future_sens6_27
filelist_volcanoes4future_sens6_28
filelist_volcanoes4future_sens6_29
filelist_volcanoes4future_sens6_30
filelist_volcanoes4future_sens6_31
filelist_volcanoes4future_sens6_32
filelist_volcanoes4future_sens6_33
filelist_volcanoes4future_sens6_34
filelist_volcanoes4future_sens6_35
filelist_volcanoes4future_sens6_36
filelist_volcanoes4future_sens6_37
filelist_volcanoes4future_sens6_38
filelist_volcanoes4future_sens6_39
filelist_volcanoes4future_sens6_40
filelist_volcanoes4future_sens6_41
filelist_volcanoes4future_sens6_42
filelist_volcanoes4future_sens6_43
filelist_volcanoes4future_sens6_44
filelist_volcanoes4future_sens6_45
filelist_volcanoes4future_sens6_46
filelist_volcanoes4future_sens6_47
filelist_volcanoes4future_sens6_48
filelist_volcanoes4future_sens6_49
filelist_volcanoes4future_sens6_50
filelist_volcanoes4future_sens6_51
filelist_volcanoes4future_sens6_52
filelist_volcanoes4future_sens6_53
filelist_volcanoes4future_sens6_54
filelist_volcanoes4future_sens6_55
filelist_volcanoes4future_sens6_56
filelist_volcanoes4future_sens6_57
filelist_volcanoes4future_sens6_58
filelist_volcanoes4future_sens6_59
filelist_volcanoes4future_sens6_60
in.nml
noresm2cmor
noresm2cmor_const60a_pr_01.log
noresm2cmor_const60a_pr_01.nml
noresm2cmor_const60a_pr_02.log
noresm2cmor_const60a_pr_02.nml
noresm2cmor_const60a_pr_03.log
noresm2cmor_const60a_pr_03.nml
noresm2cmor_const60a_pr_04.log
noresm2cmor_const60a_pr_04.nml
noresm2cmor_const60a_pr_05.log
noresm2cmor_const60a_pr_05.nml
noresm2cmor_const60a_pr_06.log
noresm2cmor_const60a_pr_06.nml
noresm2cmor_const60a_pr_07.log
noresm2cmor_const60a_pr_07.nml
noresm2cmor_const60a_pr_08.log
noresm2cmor_const60a_pr_08.nml
noresm2cmor_const60a_pr_09.log
noresm2cmor_const60a_pr_09.nml
noresm2cmor_const60a_pr_10.log
noresm2cmor_const60a_pr_10.nml
noresm2cmor_const60a_pr_11.log
noresm2cmor_const60a_pr_11.nml
noresm2cmor_const60a_pr_12.log
noresm2cmor_const60a_pr_12.nml
noresm2cmor_const60a_pr_13.log
noresm2cmor_const60a_pr_13.nml
noresm2cmor_const60a_pr_14.log
noresm2cmor_const60a_pr_14.nml
noresm2cmor_const60a_pr_15.log
noresm2cmor_const60a_pr_15.nml
noresm2cmor_const60a_pr_16.log
noresm2cmor_const60a_pr_16.nml
noresm2cmor_const60a_pr_17.log
noresm2cmor_const60a_pr_17.nml
noresm2cmor_const60a_pr_18.log
noresm2cmor_const60a_pr_18.nml
noresm2cmor_const60a_pr_19.log
noresm2cmor_const60a_pr_19.nml
noresm2cmor_const60a_pr_20.log
noresm2cmor_const60a_pr_20.nml
noresm2cmor_const60a_pr_21.log
noresm2cmor_const60a_pr_21.nml
noresm2cmor_const60a_pr_22.log
noresm2cmor_const60a_pr_22.nml
noresm2cmor_const60a_pr_23.log
noresm2cmor_const60a_pr_23.nml
noresm2cmor_const60a_pr_24.log
noresm2cmor_const60a_pr_24.nml
noresm2cmor_const60a_pr_25.log
noresm2cmor_const60a_pr_25.nml
noresm2cmor_const60a_pr_26.log
noresm2cmor_const60a_pr_26.nml
noresm2cmor_const60a_pr_27.log
noresm2cmor_const60a_pr_27.nml
noresm2cmor_const60a_pr_28.log
noresm2cmor_const60a_pr_28.nml
noresm2cmor_const60a_pr_29.log
noresm2cmor_const60a_pr_29.nml
noresm2cmor_const60a_pr_30.log
noresm2cmor_const60a_pr_30.nml
noresm2cmor_const60a_pr_31.log
noresm2cmor_const60a_pr_31.nml
noresm2cmor_const60a_pr_32.log
noresm2cmor_const60a_pr_32.nml
noresm2cmor_const60a_pr_33.log
noresm2cmor_const60a_pr_33.nml
noresm2cmor_const60a_pr_34.log
noresm2cmor_const60a_pr_34.nml
noresm2cmor_const60a_pr_35.log
noresm2cmor_const60a_pr_35.nml
noresm2cmor_const60a_pr_36.log
noresm2cmor_const60a_pr_36.nml
noresm2cmor_const60a_pr_37.log
noresm2cmor_const60a_pr_37.nml
noresm2cmor_const60a_pr_38.log
noresm2cmor_const60a_pr_38.nml
noresm2cmor_const60a_pr_39.log
noresm2cmor_const60a_pr_39.nml
noresm2cmor_const60a_pr_40.log
noresm2cmor_const60a_pr_40.nml
noresm2cmor_const60a_pr_41.log
noresm2cmor_const60a_pr_41.nml
noresm2cmor_const60a_pr_42.log
noresm2cmor_const60a_pr_42.nml
noresm2cmor_const60a_pr_43.log
noresm2cmor_const60a_pr_43.nml
noresm2cmor_const60a_pr_44.log
noresm2cmor_const60a_pr_44.nml
noresm2cmor_const60a_pr_45.log
noresm2cmor_const60a_pr_45.nml
noresm2cmor_const60a_pr_46.log
noresm2cmor_const60a_pr_46.nml
noresm2cmor_const60a_pr_47.log
noresm2cmor_const60a_pr_47.nml
noresm2cmor_const60a_pr_48.log
noresm2cmor_const60a_pr_48.nml
noresm2cmor_const60a_pr_49.log
noresm2cmor_const60a_pr_49.nml
noresm2cmor_const60a_pr_50.log
noresm2cmor_const60a_pr_50.nml
noresm2cmor_const60a_pr_51.log
noresm2cmor_const60a_pr_51.nml
noresm2cmor_const60a_pr_52.log
noresm2cmor_const60a_pr_52.nml
noresm2cmor_const60a_pr_53.log
noresm2cmor_const60a_pr_53.nml
noresm2cmor_const60a_pr_54.log
noresm2cmor_const60a_pr_54.nml
noresm2cmor_const60a_pr_55.log
noresm2cmor_const60a_pr_55.nml
noresm2cmor_const60a_pr_56.log
noresm2cmor_const60a_pr_56.nml
noresm2cmor_const60a_pr_57.log
noresm2cmor_const60a_pr_57.nml
noresm2cmor_const60a_pr_58.log
noresm2cmor_const60a_pr_58.nml
noresm2cmor_const60a_pr_59.log
noresm2cmor_const60a_pr_59.nml
noresm2cmor_const60a_pr_60.log
noresm2cmor_const60a_pr_60.nml
noresm2cmor_const60a_tas_01.log
noresm2cmor_const60a_tas_01.nml
noresm2cmor_const60a_tas_02.log
noresm2cmor_const60a_tas_02.nml
noresm2cmor_const60a_tas_03.log
noresm2cmor_const60a_tas_03.nml
noresm2cmor_const60a_tas_04.log
noresm2cmor_const60a_tas_04.nml
noresm2cmor_const60a_tas_05.log
noresm2cmor_const60a_tas_05.nml
noresm2cmor_const60a_tas_06.log
noresm2cmor_const60a_tas_06.nml
noresm2cmor_const60a_tas_07.log
noresm2cmor_const60a_tas_07.nml
noresm2cmor_const60a_tas_08.log
noresm2cmor_const60a_tas_08.nml
noresm2cmor_const60a_tas_09.log
noresm2cmor_const60a_tas_09.nml
noresm2cmor_const60a_tas_10.log
noresm2cmor_const60a_tas_10.nml
noresm2cmor_const60a_tas_11.log
noresm2cmor_const60a_tas_11.nml
noresm2cmor_const60a_tas_12.log
noresm2cmor_const60a_tas_12.nml
noresm2cmor_const60a_tas_13.log
noresm2cmor_const60a_tas_13.nml
noresm2cmor_const60a_tas_14.log
noresm2cmor_const60a_tas_14.nml
noresm2cmor_const60a_tas_15.log
noresm2cmor_const60a_tas_15.nml
noresm2cmor_const60a_tas_16.log
noresm2cmor_const60a_tas_16.nml
noresm2cmor_const60a_tas_17.log
noresm2cmor_const60a_tas_17.nml
noresm2cmor_const60a_tas_18.log
noresm2cmor_const60a_tas_18.nml
noresm2cmor_const60a_tas_19.log
noresm2cmor_const60a_tas_19.nml
noresm2cmor_const60a_tas_20.log
noresm2cmor_const60a_tas_20.nml
noresm2cmor_const60a_tas_21.log
noresm2cmor_const60a_tas_21.nml
noresm2cmor_const60a_tas_22.log
noresm2cmor_const60a_tas_22.nml
noresm2cmor_const60a_tas_23.log
noresm2cmor_const60a_tas_23.nml
noresm2cmor_const60a_tas_24.log
noresm2cmor_const60a_tas_24.nml
noresm2cmor_const60a_tas_25.log
noresm2cmor_const60a_tas_25.nml
noresm2cmor_const60a_tas_26.log
noresm2cmor_const60a_tas_26.nml
noresm2cmor_const60a_tas_27.log
noresm2cmor_const60a_tas_27.nml
noresm2cmor_const60a_tas_28.log
noresm2cmor_const60a_tas_28.nml
noresm2cmor_const60a_tas_29.log
noresm2cmor_const60a_tas_29.nml
noresm2cmor_const60a_tas_30.log
noresm2cmor_const60a_tas_30.nml
noresm2cmor_const60a_tas_31.log
noresm2cmor_const60a_tas_31.nml
noresm2cmor_const60a_tas_32.log
noresm2cmor_const60a_tas_32.nml
noresm2cmor_const60a_tas_33.log
noresm2cmor_const60a_tas_33.nml
noresm2cmor_const60a_tas_34.log
noresm2cmor_const60a_tas_34.nml
noresm2cmor_const60a_tas_35.log
noresm2cmor_const60a_tas_35.nml
noresm2cmor_const60a_tas_36.log
noresm2cmor_const60a_tas_36.nml
noresm2cmor_const60a_tas_37.log
noresm2cmor_const60a_tas_37.nml
noresm2cmor_const60a_tas_38.log
noresm2cmor_const60a_tas_38.nml
noresm2cmor_const60a_tas_39.log
noresm2cmor_const60a_tas_39.nml
noresm2cmor_const60a_tas_40.log
noresm2cmor_const60a_tas_40.nml
noresm2cmor_const60a_tas_41.log
noresm2cmor_const60a_tas_41.nml
noresm2cmor_const60a_tas_42.log
noresm2cmor_const60a_tas_42.nml
noresm2cmor_const60a_tas_43.log
noresm2cmor_const60a_tas_43.nml
noresm2cmor_const60a_tas_44.log
noresm2cmor_const60a_tas_44.nml
noresm2cmor_const60a_tas_45.log
noresm2cmor_const60a_tas_45.nml
noresm2cmor_const60a_tas_46.log
noresm2cmor_const60a_tas_46.nml
noresm2cmor_const60a_tas_47.log
noresm2cmor_const60a_tas_47.nml
noresm2cmor_const60a_tas_48.log
noresm2cmor_const60a_tas_48.nml
noresm2cmor_const60a_tas_49.log
noresm2cmor_const60a_tas_49.nml
noresm2cmor_const60a_tas_50.log
noresm2cmor_const60a_tas_50.nml
noresm2cmor_const60a_tas_51.log
noresm2cmor_const60a_tas_51.nml
noresm2cmor_const60a_tas_52.log
noresm2cmor_const60a_tas_52.nml
noresm2cmor_const60a_tas_53.log
noresm2cmor_const60a_tas_53.nml
noresm2cmor_const60a_tas_54.log
noresm2cmor_const60a_tas_54.nml
noresm2cmor_const60a_tas_55.log
noresm2cmor_const60a_tas_55.nml
noresm2cmor_const60a_tas_56.log
noresm2cmor_const60a_tas_56.nml
noresm2cmor_const60a_tas_57.log
noresm2cmor_const60a_tas_57.nml
noresm2cmor_const60a_tas_58.log
noresm2cmor_const60a_tas_58.nml
noresm2cmor_const60a_tas_59.log
noresm2cmor_const60a_tas_59.nml
noresm2cmor_const60a_tas_60.log
noresm2cmor_const60a_tas_60.nml
noresm2cmor_cont60a_pr_01.log
noresm2cmor_cont60a_pr_01.nml
noresm2cmor_cont60a_pr_02.log
noresm2cmor_cont60a_pr_02.nml
noresm2cmor_cont60a_pr_03.log
noresm2cmor_cont60a_pr_03.nml
noresm2cmor_cont60a_pr_04.log
noresm2cmor_cont60a_pr_04.nml
noresm2cmor_cont60a_pr_05.log
noresm2cmor_cont60a_pr_05.nml
noresm2cmor_cont60a_pr_06.log
noresm2cmor_cont60a_pr_06.nml
noresm2cmor_cont60a_pr_07.log
noresm2cmor_cont60a_pr_07.nml
noresm2cmor_cont60a_pr_08.log
noresm2cmor_cont60a_pr_08.nml
noresm2cmor_cont60a_pr_09.log
noresm2cmor_cont60a_pr_09.nml
noresm2cmor_cont60a_pr_10.log
noresm2cmor_cont60a_pr_10.nml
noresm2cmor_cont60a_pr_11.log
noresm2cmor_cont60a_pr_11.nml
noresm2cmor_cont60a_pr_12.log
noresm2cmor_cont60a_pr_12.nml
noresm2cmor_cont60a_pr_13.log
noresm2cmor_cont60a_pr_13.nml
noresm2cmor_cont60a_pr_14.log
noresm2cmor_cont60a_pr_14.nml
noresm2cmor_cont60a_pr_15.log
noresm2cmor_cont60a_pr_15.nml
noresm2cmor_cont60a_pr_16.log
noresm2cmor_cont60a_pr_16.nml
noresm2cmor_cont60a_pr_17.log
noresm2cmor_cont60a_pr_17.nml
noresm2cmor_cont60a_pr_18.log
noresm2cmor_cont60a_pr_18.nml
noresm2cmor_cont60a_pr_19.log
noresm2cmor_cont60a_pr_19.nml
noresm2cmor_cont60a_pr_20.log
noresm2cmor_cont60a_pr_20.nml
noresm2cmor_cont60a_pr_21.log
noresm2cmor_cont60a_pr_21.nml
noresm2cmor_cont60a_pr_22.log
noresm2cmor_cont60a_pr_22.nml
noresm2cmor_cont60a_pr_23.log
noresm2cmor_cont60a_pr_23.nml
noresm2cmor_cont60a_pr_24.log
noresm2cmor_cont60a_pr_24.nml
noresm2cmor_cont60a_pr_25.log
noresm2cmor_cont60a_pr_25.nml
noresm2cmor_cont60a_pr_26.log
noresm2cmor_cont60a_pr_26.nml
noresm2cmor_cont60a_pr_27.log
noresm2cmor_cont60a_pr_27.nml
noresm2cmor_cont60a_pr_28.log
noresm2cmor_cont60a_pr_28.nml
noresm2cmor_cont60a_pr_29.log
noresm2cmor_cont60a_pr_29.nml
noresm2cmor_cont60a_pr_30.log
noresm2cmor_cont60a_pr_30.nml
noresm2cmor_cont60a_pr_31.log
noresm2cmor_cont60a_pr_31.nml
noresm2cmor_cont60a_pr_32.log
noresm2cmor_cont60a_pr_32.nml
noresm2cmor_cont60a_pr_33.log
noresm2cmor_cont60a_pr_33.nml
noresm2cmor_cont60a_pr_34.log
noresm2cmor_cont60a_pr_34.nml
noresm2cmor_cont60a_pr_35.log
noresm2cmor_cont60a_pr_35.nml
noresm2cmor_cont60a_pr_36.log
noresm2cmor_cont60a_pr_36.nml
noresm2cmor_cont60a_pr_37.log
noresm2cmor_cont60a_pr_37.nml
noresm2cmor_cont60a_pr_38.log
noresm2cmor_cont60a_pr_38.nml
noresm2cmor_cont60a_pr_39.log
noresm2cmor_cont60a_pr_39.nml
noresm2cmor_cont60a_pr_40.log
noresm2cmor_cont60a_pr_40.nml
noresm2cmor_cont60a_pr_41.log
noresm2cmor_cont60a_pr_41.nml
noresm2cmor_cont60a_pr_42.log
noresm2cmor_cont60a_pr_42.nml
noresm2cmor_cont60a_pr_43.log
noresm2cmor_cont60a_pr_43.nml
noresm2cmor_cont60a_pr_44.log
noresm2cmor_cont60a_pr_44.nml
noresm2cmor_cont60a_pr_45.log
noresm2cmor_cont60a_pr_45.nml
noresm2cmor_cont60a_pr_46.log
noresm2cmor_cont60a_pr_46.nml
noresm2cmor_cont60a_pr_47.log
noresm2cmor_cont60a_pr_47.nml
noresm2cmor_cont60a_pr_48.log
noresm2cmor_cont60a_pr_48.nml
noresm2cmor_cont60a_pr_49.log
noresm2cmor_cont60a_pr_49.nml
noresm2cmor_cont60a_pr_50.log
noresm2cmor_cont60a_pr_50.nml
noresm2cmor_cont60a_pr_51.log
noresm2cmor_cont60a_pr_51.nml
noresm2cmor_cont60a_pr_52.log
noresm2cmor_cont60a_pr_52.nml
noresm2cmor_cont60a_pr_53.log
noresm2cmor_cont60a_pr_53.nml
noresm2cmor_cont60a_pr_54.log
noresm2cmor_cont60a_pr_54.nml
noresm2cmor_cont60a_pr_55.log
noresm2cmor_cont60a_pr_55.nml
noresm2cmor_cont60a_pr_56.log
noresm2cmor_cont60a_pr_56.nml
noresm2cmor_cont60a_pr_57.log
noresm2cmor_cont60a_pr_57.nml
noresm2cmor_cont60a_pr_58.log
noresm2cmor_cont60a_pr_58.nml
noresm2cmor_cont60a_pr_59.log
noresm2cmor_cont60a_pr_59.nml
noresm2cmor_cont60a_pr_60.log
noresm2cmor_cont60a_pr_60.nml
noresm2cmor_cont60a_tas_01.log
noresm2cmor_cont60a_tas_01.nml
noresm2cmor_cont60a_tas_02.log
noresm2cmor_cont60a_tas_02.nml
noresm2cmor_cont60a_tas_03.log
noresm2cmor_cont60a_tas_03.nml
noresm2cmor_cont60a_tas_04.log
noresm2cmor_cont60a_tas_04.nml
noresm2cmor_cont60a_tas_05.log
noresm2cmor_cont60a_tas_05.nml
noresm2cmor_cont60a_tas_06.log
noresm2cmor_cont60a_tas_06.nml
noresm2cmor_cont60a_tas_07.log
noresm2cmor_cont60a_tas_07.nml
noresm2cmor_cont60a_tas_08.log
noresm2cmor_cont60a_tas_08.nml
noresm2cmor_cont60a_tas_09.log
noresm2cmor_cont60a_tas_09.nml
noresm2cmor_cont60a_tas_10.log
noresm2cmor_cont60a_tas_10.nml
noresm2cmor_cont60a_tas_11.log
noresm2cmor_cont60a_tas_11.nml
noresm2cmor_cont60a_tas_12.log
noresm2cmor_cont60a_tas_12.nml
noresm2cmor_cont60a_tas_13.log
noresm2cmor_cont60a_tas_13.nml
noresm2cmor_cont60a_tas_14.log
noresm2cmor_cont60a_tas_14.nml
noresm2cmor_cont60a_tas_15.log
noresm2cmor_cont60a_tas_15.nml
noresm2cmor_cont60a_tas_16.log
noresm2cmor_cont60a_tas_16.nml
noresm2cmor_cont60a_tas_17.log
noresm2cmor_cont60a_tas_17.nml
noresm2cmor_cont60a_tas_18.log
noresm2cmor_cont60a_tas_18.nml
noresm2cmor_cont60a_tas_19.log
noresm2cmor_cont60a_tas_19.nml
noresm2cmor_cont60a_tas_20.log
noresm2cmor_cont60a_tas_20.nml
noresm2cmor_cont60a_tas_21.log
noresm2cmor_cont60a_tas_21.nml
noresm2cmor_cont60a_tas_22.log
noresm2cmor_cont60a_tas_22.nml
noresm2cmor_cont60a_tas_23.log
noresm2cmor_cont60a_tas_23.nml
noresm2cmor_cont60a_tas_24.log
noresm2cmor_cont60a_tas_24.nml
noresm2cmor_cont60a_tas_25.log
noresm2cmor_cont60a_tas_25.nml
noresm2cmor_cont60a_tas_26.log
noresm2cmor_cont60a_tas_26.nml
noresm2cmor_cont60a_tas_27.log
noresm2cmor_cont60a_tas_27.nml
noresm2cmor_cont60a_tas_28.log
noresm2cmor_cont60a_tas_28.nml
noresm2cmor_cont60a_tas_29.log
noresm2cmor_cont60a_tas_29.nml
noresm2cmor_cont60a_tas_30.log
noresm2cmor_cont60a_tas_30.nml
noresm2cmor_cont60a_tas_31.log
noresm2cmor_cont60a_tas_31.nml
noresm2cmor_cont60a_tas_32.log
noresm2cmor_cont60a_tas_32.nml
noresm2cmor_cont60a_tas_33.log
noresm2cmor_cont60a_tas_33.nml
noresm2cmor_cont60a_tas_34.log
noresm2cmor_cont60a_tas_34.nml
noresm2cmor_cont60a_tas_35.log
noresm2cmor_cont60a_tas_35.nml
noresm2cmor_cont60a_tas_36.log
noresm2cmor_cont60a_tas_36.nml
noresm2cmor_cont60a_tas_37.log
noresm2cmor_cont60a_tas_37.nml
noresm2cmor_cont60a_tas_38.log
noresm2cmor_cont60a_tas_38.nml
noresm2cmor_cont60a_tas_39.log
noresm2cmor_cont60a_tas_39.nml
noresm2cmor_cont60a_tas_40.log
noresm2cmor_cont60a_tas_40.nml
noresm2cmor_cont60a_tas_41.log
noresm2cmor_cont60a_tas_41.nml
noresm2cmor_cont60a_tas_42.log
noresm2cmor_cont60a_tas_42.nml
noresm2cmor_cont60a_tas_43.log
noresm2cmor_cont60a_tas_43.nml
noresm2cmor_cont60a_tas_44.log
noresm2cmor_cont60a_tas_44.nml
noresm2cmor_cont60a_tas_45.log
noresm2cmor_cont60a_tas_45.nml
noresm2cmor_cont60a_tas_46.log
noresm2cmor_cont60a_tas_46.nml
noresm2cmor_cont60a_tas_47.log
noresm2cmor_cont60a_tas_47.nml
noresm2cmor_cont60a_tas_48.log
noresm2cmor_cont60a_tas_48.nml
noresm2cmor_cont60a_tas_49.log
noresm2cmor_cont60a_tas_49.nml
noresm2cmor_cont60a_tas_50.log
noresm2cmor_cont60a_tas_50.nml
noresm2cmor_cont60a_tas_51.log
noresm2cmor_cont60a_tas_51.nml
noresm2cmor_cont60a_tas_52.log
noresm2cmor_cont60a_tas_52.nml
noresm2cmor_cont60a_tas_53.log
noresm2cmor_cont60a_tas_53.nml
noresm2cmor_cont60a_tas_54.log
noresm2cmor_cont60a_tas_54.nml
noresm2cmor_cont60a_tas_55.log
noresm2cmor_cont60a_tas_55.nml
noresm2cmor_cont60a_tas_56.log
noresm2cmor_cont60a_tas_56.nml
noresm2cmor_cont60a_tas_57.log
noresm2cmor_cont60a_tas_57.nml
noresm2cmor_cont60a_tas_58.log
noresm2cmor_cont60a_tas_58.nml
noresm2cmor_cont60a_tas_59.log
noresm2cmor_cont60a_tas_59.nml
noresm2cmor_cont60a_tas_60.log
noresm2cmor_cont60a_tas_60.nml
noresm2cmor_sens6_pr_01.log
noresm2cmor_sens6_pr_01.nml
noresm2cmor_sens6_pr_02.log
noresm2cmor_sens6_pr_02.nml
noresm2cmor_sens6_pr_03.log
noresm2cmor_sens6_pr_03.nml
noresm2cmor_sens6_pr_04.log
noresm2cmor_sens6_pr_04.nml
noresm2cmor_sens6_pr_05.log
noresm2cmor_sens6_pr_05.nml
noresm2cmor_sens6_pr_06.log
noresm2cmor_sens6_pr_06.nml
noresm2cmor_sens6_pr_07.log
noresm2cmor_sens6_pr_07.nml
noresm2cmor_sens6_pr_08.log
noresm2cmor_sens6_pr_08.nml
noresm2cmor_sens6_pr_09.log
noresm2cmor_sens6_pr_09.nml
noresm2cmor_sens6_pr_10.log
noresm2cmor_sens6_pr_10.nml
noresm2cmor_sens6_pr_11.log
noresm2cmor_sens6_pr_11.nml
noresm2cmor_sens6_pr_12.log
noresm2cmor_sens6_pr_12.nml
noresm2cmor_sens6_pr_13.log
noresm2cmor_sens6_pr_13.nml
noresm2cmor_sens6_pr_14.log
noresm2cmor_sens6_pr_14.nml
noresm2cmor_sens6_pr_15.log
noresm2cmor_sens6_pr_15.nml
noresm2cmor_sens6_pr_16.log
noresm2cmor_sens6_pr_16.nml
noresm2cmor_sens6_pr_17.log
noresm2cmor_sens6_pr_17.nml
noresm2cmor_sens6_pr_18.log
noresm2cmor_sens6_pr_18.nml
noresm2cmor_sens6_pr_19.log
noresm2cmor_sens6_pr_19.nml
noresm2cmor_sens6_pr_20.log
noresm2cmor_sens6_pr_20.nml
noresm2cmor_sens6_pr_21.log
noresm2cmor_sens6_pr_21.nml
noresm2cmor_sens6_pr_22.log
noresm2cmor_sens6_pr_22.nml
noresm2cmor_sens6_pr_23.log
noresm2cmor_sens6_pr_23.nml
noresm2cmor_sens6_pr_24.log
noresm2cmor_sens6_pr_24.nml
noresm2cmor_sens6_pr_25.log
noresm2cmor_sens6_pr_25.nml
noresm2cmor_sens6_pr_26.log
noresm2cmor_sens6_pr_26.nml
noresm2cmor_sens6_pr_27.log
noresm2cmor_sens6_pr_27.nml
noresm2cmor_sens6_pr_28.log
noresm2cmor_sens6_pr_28.nml
noresm2cmor_sens6_pr_29.log
noresm2cmor_sens6_pr_29.nml
noresm2cmor_sens6_pr_30.log
noresm2cmor_sens6_pr_30.nml
noresm2cmor_sens6_pr_31.log
noresm2cmor_sens6_pr_31.nml
noresm2cmor_sens6_pr_32.log
noresm2cmor_sens6_pr_32.nml
noresm2cmor_sens6_pr_33.log
noresm2cmor_sens6_pr_33.nml
noresm2cmor_sens6_pr_34.log
noresm2cmor_sens6_pr_34.nml
noresm2cmor_sens6_pr_35.log
noresm2cmor_sens6_pr_35.nml
noresm2cmor_sens6_pr_36.log
noresm2cmor_sens6_pr_36.nml
noresm2cmor_sens6_pr_37.log
noresm2cmor_sens6_pr_37.nml
noresm2cmor_sens6_pr_38.log
noresm2cmor_sens6_pr_38.nml
noresm2cmor_sens6_pr_39.log
noresm2cmor_sens6_pr_39.nml
noresm2cmor_sens6_pr_40.log
noresm2cmor_sens6_pr_40.nml
noresm2cmor_sens6_pr_41.log
noresm2cmor_sens6_pr_41.nml
noresm2cmor_sens6_pr_42.log
noresm2cmor_sens6_pr_42.nml
noresm2cmor_sens6_pr_43.log
noresm2cmor_sens6_pr_43.nml
noresm2cmor_sens6_pr_44.log
noresm2cmor_sens6_pr_44.nml
noresm2cmor_sens6_pr_45.log
noresm2cmor_sens6_pr_45.nml
noresm2cmor_sens6_pr_46.log
noresm2cmor_sens6_pr_46.nml
noresm2cmor_sens6_pr_47.log
noresm2cmor_sens6_pr_47.nml
noresm2cmor_sens6_pr_48.log
noresm2cmor_sens6_pr_48.nml
noresm2cmor_sens6_pr_49.log
noresm2cmor_sens6_pr_49.nml
noresm2cmor_sens6_pr_50.log
noresm2cmor_sens6_pr_50.nml
noresm2cmor_sens6_pr_51.log
noresm2cmor_sens6_pr_51.nml
noresm2cmor_sens6_pr_52.log
noresm2cmor_sens6_pr_52.nml
noresm2cmor_sens6_pr_53.log
noresm2cmor_sens6_pr_53.nml
noresm2cmor_sens6_pr_54.log
noresm2cmor_sens6_pr_54.nml
noresm2cmor_sens6_pr_55.log
noresm2cmor_sens6_pr_55.nml
noresm2cmor_sens6_pr_56.log
noresm2cmor_sens6_pr_56.nml
noresm2cmor_sens6_pr_57.log
noresm2cmor_sens6_pr_57.nml
noresm2cmor_sens6_pr_58.log
noresm2cmor_sens6_pr_58.nml
noresm2cmor_sens6_pr_59.log
noresm2cmor_sens6_pr_59.nml
noresm2cmor_sens6_pr_60.log
noresm2cmor_sens6_pr_60.nml
noresm2cmor_sens6_tas_01.log
noresm2cmor_sens6_tas_01.nml
noresm2cmor_sens6_tas_02.log
noresm2cmor_sens6_tas_02.nml
noresm2cmor_sens6_tas_03.log
noresm2cmor_sens6_tas_03.nml
noresm2cmor_sens6_tas_04.log
noresm2cmor_sens6_tas_04.nml
noresm2cmor_sens6_tas_05.log
noresm2cmor_sens6_tas_05.nml
noresm2cmor_sens6_tas_06.log
noresm2cmor_sens6_tas_06.nml
noresm2cmor_sens6_tas_07.log
noresm2cmor_sens6_tas_07.nml
noresm2cmor_sens6_tas_08.log
noresm2cmor_sens6_tas_08.nml
noresm2cmor_sens6_tas_09.log
noresm2cmor_sens6_tas_09.nml
noresm2cmor_sens6_tas_10.log
noresm2cmor_sens6_tas_10.nml
noresm2cmor_sens6_tas_11.log
noresm2cmor_sens6_tas_11.nml
noresm2cmor_sens6_tas_12.log
noresm2cmor_sens6_tas_12.nml
noresm2cmor_sens6_tas_13.log
noresm2cmor_sens6_tas_13.nml
noresm2cmor_sens6_tas_14.log
noresm2cmor_sens6_tas_14.nml
noresm2cmor_sens6_tas_15.log
noresm2cmor_sens6_tas_15.nml
noresm2cmor_sens6_tas_16.log
noresm2cmor_sens6_tas_16.nml
noresm2cmor_sens6_tas_17.log
noresm2cmor_sens6_tas_17.nml
noresm2cmor_sens6_tas_18.log
noresm2cmor_sens6_tas_18.nml
noresm2cmor_sens6_tas_19.log
noresm2cmor_sens6_tas_19.nml
noresm2cmor_sens6_tas_20.log
noresm2cmor_sens6_tas_20.nml
noresm2cmor_sens6_tas_21.log
noresm2cmor_sens6_tas_21.nml
noresm2cmor_sens6_tas_22.log
noresm2cmor_sens6_tas_22.nml
noresm2cmor_sens6_tas_23.log
noresm2cmor_sens6_tas_23.nml
noresm2cmor_sens6_tas_24.log
noresm2cmor_sens6_tas_24.nml
noresm2cmor_sens6_tas_25.log
noresm2cmor_sens6_tas_25.nml
noresm2cmor_sens6_tas_26.log
noresm2cmor_sens6_tas_26.nml
noresm2cmor_sens6_tas_27.log
noresm2cmor_sens6_tas_27.nml
noresm2cmor_sens6_tas_28.log
noresm2cmor_sens6_tas_28.nml
noresm2cmor_sens6_tas_29.log
noresm2cmor_sens6_tas_29.nml
noresm2cmor_sens6_tas_30.log
noresm2cmor_sens6_tas_30.nml
noresm2cmor_sens6_tas_31.log
noresm2cmor_sens6_tas_31.nml
noresm2cmor_sens6_tas_32.log
noresm2cmor_sens6_tas_32.nml
noresm2cmor_sens6_tas_33.log
noresm2cmor_sens6_tas_33.nml
noresm2cmor_sens6_tas_34.log
noresm2cmor_sens6_tas_34.nml
noresm2cmor_sens6_tas_35.log
noresm2cmor_sens6_tas_35.nml
noresm2cmor_sens6_tas_36.log
noresm2cmor_sens6_tas_36.nml
noresm2cmor_sens6_tas_37.log
noresm2cmor_sens6_tas_37.nml
noresm2cmor_sens6_tas_38.log
noresm2cmor_sens6_tas_38.nml
noresm2cmor_sens6_tas_39.log
noresm2cmor_sens6_tas_39.nml
noresm2cmor_sens6_tas_40.log
noresm2cmor_sens6_tas_40.nml
noresm2cmor_sens6_tas_41.log
noresm2cmor_sens6_tas_41.nml
noresm2cmor_sens6_tas_42.log
noresm2cmor_sens6_tas_42.nml
noresm2cmor_sens6_tas_43.log
noresm2cmor_sens6_tas_43.nml
noresm2cmor_sens6_tas_44.log
noresm2cmor_sens6_tas_44.nml
noresm2cmor_sens6_tas_45.log
noresm2cmor_sens6_tas_45.nml
noresm2cmor_sens6_tas_46.log
noresm2cmor_sens6_tas_46.nml
noresm2cmor_sens6_tas_47.log
noresm2cmor_sens6_tas_47.nml
noresm2cmor_sens6_tas_48.log
noresm2cmor_sens6_tas_48.nml
noresm2cmor_sens6_tas_49.log
noresm2cmor_sens6_tas_49.nml
noresm2cmor_sens6_tas_50.log
noresm2cmor_sens6_tas_50.nml
noresm2cmor_sens6_tas_51.log
noresm2cmor_sens6_tas_51.nml
noresm2cmor_sens6_tas_52.log
noresm2cmor_sens6_tas_52.nml
noresm2cmor_sens6_tas_53.log
noresm2cmor_sens6_tas_53.nml
noresm2cmor_sens6_tas_54.log
noresm2cmor_sens6_tas_54.nml
noresm2cmor_sens6_tas_55.log
noresm2cmor_sens6_tas_55.nml
noresm2cmor_sens6_tas_56.log
noresm2cmor_sens6_tas_56.nml
noresm2cmor_sens6_tas_57.log
noresm2cmor_sens6_tas_57.nml
noresm2cmor_sens6_tas_58.log
noresm2cmor_sens6_tas_58.nml
noresm2cmor_sens6_tas_59.log
noresm2cmor_sens6_tas_59.nml
noresm2cmor_sens6_tas_60.log
noresm2cmor_sens6_tas_60.nml
sourceMe_betzy
/cluster/projects/nn9039k/ingo/cmor/noresm2cmor/bin/noresm2cmor_const60b_pr_01.log
/cluster/projects/nn9039k/ingo/cmor/noresm2cmor/bin/noresm2cmor_const60b_pr_02.log
/cluster/projects/nn9039k/ingo/cmor/noresm2cmor/bin/noresm2cmor_const60b_pr_03.log
/cluster/projects/nn9039k/ingo/cmor/noresm2cmor/bin/noresm2cmor_const60b_pr_04.log
/cluster/projects/nn9039k/ingo/cmor/noresm2cmor/bin/noresm2cmor_const60b_pr_05.log
/cluster/projects/nn9039k/ingo/cmor/noresm2cmor/bin/noresm2cmor_const60b_pr_06.log
/cluster/projects/nn9039k/ingo/cmor/noresm2cmor/bin/noresm2cmor_const60b_pr_07.log
/cluster/projects/nn9039k/ingo/cmor/noresm2cmor/bin/noresm2cmor_const60b_pr_08.log
/cluster/projects/nn9039k/ingo/cmor/noresm2cmor/bin/noresm2cmor_const60b_pr_09.log
/cluster/projects/nn9039k/ingo/cmor/noresm2cmor/bin/noresm2cmor_const60b_pr_10.log
/cluster/projects/nn9039k/ingo/cmor/noresm2cmor/bin/noresm2cmor_const60b_pr_11.log
/cluster/projects/nn9039k/ingo/cmor/noresm2cmor/bin/noresm2cmor_const60b_pr_12.log
/cluster/projects/nn9039k/ingo/cmor/noresm2cmor/bin/noresm2cmor_const60b_pr_13.log
/cluster/projects/nn9039k/ingo/cmor/noresm2cmor/bin/noresm2cmor_const60b_pr_14.log
/cluster/projects/nn9039k/ingo/cmor/noresm2cmor/bin/noresm2cmor_const60b_pr_15.log
/cluster/projects/nn9039k/ingo/cmor/noresm2cmor/bin/noresm2cmor_const60b_pr_16.log
/cluster/projects/nn9039k/ingo/cmor/noresm2cmor/bin/noresm2cmor_const60b_pr_17.log
/cluster/projects/nn9039k/ingo/cmor/noresm2cmor/bin/noresm2cmor_const60b_pr_18.log
/cluster/projects/nn9039k/ingo/cmor/noresm2cmor/bin/noresm2cmor_const60b_pr_19.log
/cluster/projects/nn9039k/ingo/cmor/noresm2cmor/bin/noresm2cmor_const60b_pr_20.log
/cluster/projects/nn9039k/ingo/cmor/noresm2cmor/bin/noresm2cmor_const60b_pr_21.log
/cluster/projects/nn9039k/ingo/cmor/noresm2cmor/bin/noresm2cmor_const60b_pr_22.log
/cluster/projects/nn9039k/ingo/cmor/noresm2cmor/bin/noresm2cmor_const60b_pr_23.log
/cluster/projects/nn9039k/ingo/cmor/noresm2cmor/bin/noresm2cmor_const60b_pr_24.log
/cluster/projects/nn9039k/ingo/cmor/noresm2cmor/bin/noresm2cmor_const60b_pr_25.log
/cluster/projects/nn9039k/ingo/cmor/noresm2cmor/bin/noresm2cmor_const60b_pr_26.log
/cluster/projects/nn9039k/ingo/cmor/noresm2cmor/bin/noresm2cmor_const60b_pr_27.log
/cluster/projects/nn9039k/ingo/cmor/noresm2cmor/bin/noresm2cmor_const60b_pr_28.log
/cluster/projects/nn9039k/ingo/cmor/noresm2cmor/bin/noresm2cmor_const60b_pr_29.log
/cluster/projects/nn9039k/ingo/cmor/noresm2cmor/bin/noresm2cmor_const60b_pr_30.log
/cluster/projects/nn9039k/ingo/cmor/noresm2cmor/bin/noresm2cmor_const60b_pr_31.log
/cluster/projects/nn9039k/ingo/cmor/noresm2cmor/bin/noresm2cmor_const60b_pr_32.log
/cluster/projects/nn9039k/ingo/cmor/noresm2cmor/bin/noresm2cmor_const60b_pr_33.log
/cluster/projects/nn9039k/ingo/cmor/noresm2cmor/bin/noresm2cmor_const60b_pr_34.log
/cluster/projects/nn9039k/ingo/cmor/noresm2cmor/bin/noresm2cmor_const60b_pr_35.log
/cluster/projects/nn9039k/ingo/cmor/noresm2cmor/bin/noresm2cmor_const60b_pr_36.log
/cluster/projects/nn9039k/ingo/cmor/noresm2cmor/bin/noresm2cmor_const60b_pr_37.log
/cluster/projects/nn9039k/ingo/cmor/noresm2cmor/bin/noresm2cmor_const60b_pr_38.log
/cluster/projects/nn9039k/ingo/cmor/noresm2cmor/bin/noresm2cmor_const60b_pr_39.log
/cluster/projects/nn9039k/ingo/cmor/noresm2cmor/bin/noresm2cmor_const60b_pr_40.log
/cluster/projects/nn9039k/ingo/cmor/noresm2cmor/bin/noresm2cmor_const60b_pr_41.log
/cluster/projects/nn9039k/ingo/cmor/noresm2cmor/bin/noresm2cmor_const60b_pr_42.log
/cluster/projects/nn9039k/ingo/cmor/noresm2cmor/bin/noresm2cmor_const60b_pr_43.log
/cluster/projects/nn9039k/ingo/cmor/noresm2cmor/bin/noresm2cmor_const60b_pr_44.log
/cluster/projects/nn9039k/ingo/cmor/noresm2cmor/bin/noresm2cmor_const60b_pr_45.log
/cluster/projects/nn9039k/ingo/cmor/noresm2cmor/bin/noresm2cmor_const60b_pr_46.log
/cluster/projects/nn9039k/ingo/cmor/noresm2cmor/bin/noresm2cmor_const60b_pr_47.log
/cluster/projects/nn9039k/ingo/cmor/noresm2cmor/bin/noresm2cmor_const60b_pr_48.log
/cluster/projects/nn9039k/ingo/cmor/noresm2cmor/bin/noresm2cmor_const60b_pr_49.log
/cluster/projects/nn9039k/ingo/cmor/noresm2cmor/bin/noresm2cmor_const60b_pr_50.log
/cluster/projects/nn9039k/ingo/cmor/noresm2cmor/bin/noresm2cmor_const60b_pr_51.log
/cluster/projects/nn9039k/ingo/cmor/noresm2cmor/bin/noresm2cmor_const60b_pr_52.log
/cluster/projects/nn9039k/ingo/cmor/noresm2cmor/bin/noresm2cmor_const60b_pr_53.log
/cluster/projects/nn9039k/ingo/cmor/noresm2cmor/bin/noresm2cmor_const60b_pr_54.log
/cluster/projects/nn9039k/ingo/cmor/noresm2cmor/bin/noresm2cmor_const60b_pr_55.log
/cluster/projects/nn9039k/ingo/cmor/noresm2cmor/bin/noresm2cmor_const60b_pr_56.log
/cluster/projects/nn9039k/ingo/cmor/noresm2cmor/bin/noresm2cmor_const60b_pr_57.log
/cluster/projects/nn9039k/ingo/cmor/noresm2cmor/bin/noresm2cmor_const60b_pr_58.log
/cluster/projects/nn9039k/ingo/cmor/noresm2cmor/bin/noresm2cmor_const60b_pr_59.log
/cluster/projects/nn9039k/ingo/cmor/noresm2cmor/bin/noresm2cmor_const60b_pr_60.log
/cluster/projects/nn9039k/ingo/cmor/noresm2cmor/bin/noresm2cmor_const60b_tas_01.log
/cluster/projects/nn9039k/ingo/cmor/noresm2cmor/bin/noresm2cmor_const60b_tas_02.log
/cluster/projects/nn9039k/ingo/cmor/noresm2cmor/bin/noresm2cmor_const60b_tas_03.log
/cluster/projects/nn9039k/ingo/cmor/noresm2cmor/bin/noresm2cmor_const60b_tas_04.log
/cluster/projects/nn9039k/ingo/cmor/noresm2cmor/bin/noresm2cmor_const60b_tas_05.log
/cluster/projects/nn9039k/ingo/cmor/noresm2cmor/bin/noresm2cmor_const60b_tas_06.log
/cluster/projects/nn9039k/ingo/cmor/noresm2cmor/bin/noresm2cmor_const60b_tas_07.log
/cluster/projects/nn9039k/ingo/cmor/noresm2cmor/bin/noresm2cmor_const60b_tas_08.log
/cluster/projects/nn9039k/ingo/cmor/noresm2cmor/bin/noresm2cmor_const60b_tas_09.log
/cluster/projects/nn9039k/ingo/cmor/noresm2cmor/bin/noresm2cmor_const60b_tas_10.log
/cluster/projects/nn9039k/ingo/cmor/noresm2cmor/bin/noresm2cmor_const60b_tas_11.log
/cluster/projects/nn9039k/ingo/cmor/noresm2cmor/bin/noresm2cmor_const60b_tas_12.log
/cluster/projects/nn9039k/ingo/cmor/noresm2cmor/bin/noresm2cmor_const60b_tas_13.log
/cluster/projects/nn9039k/ingo/cmor/noresm2cmor/bin/noresm2cmor_const60b_tas_14.log
/cluster/projects/nn9039k/ingo/cmor/noresm2cmor/bin/noresm2cmor_const60b_tas_15.log
/cluster/projects/nn9039k/ingo/cmor/noresm2cmor/bin/noresm2cmor_const60b_tas_16.log
/cluster/projects/nn9039k/ingo/cmor/noresm2cmor/bin/noresm2cmor_const60b_tas_17.log
/cluster/projects/nn9039k/ingo/cmor/noresm2cmor/bin/noresm2cmor_const60b_tas_18.log
/cluster/projects/nn9039k/ingo/cmor/noresm2cmor/bin/noresm2cmor_const60b_tas_19.log
/cluster/projects/nn9039k/ingo/cmor/noresm2cmor/bin/noresm2cmor_const60b_tas_20.log
/cluster/projects/nn9039k/ingo/cmor/noresm2cmor/bin/noresm2cmor_const60b_tas_21.log
/cluster/projects/nn9039k/ingo/cmor/noresm2cmor/bin/noresm2cmor_const60b_tas_22.log
/cluster/projects/nn9039k/ingo/cmor/noresm2cmor/bin/noresm2cmor_const60b_tas_23.log
/cluster/projects/nn9039k/ingo/cmor/noresm2cmor/bin/noresm2cmor_const60b_tas_24.log
/cluster/projects/nn9039k/ingo/cmor/noresm2cmor/bin/noresm2cmor_const60b_tas_25.log
/cluster/projects/nn9039k/ingo/cmor/noresm2cmor/bin/noresm2cmor_const60b_tas_26.log
/cluster/projects/nn9039k/ingo/cmor/noresm2cmor/bin/noresm2cmor_const60b_tas_27.log
/cluster/projects/nn9039k/ingo/cmor/noresm2cmor/bin/noresm2cmor_const60b_tas_28.log
/cluster/projects/nn9039k/ingo/cmor/noresm2cmor/bin/noresm2cmor_const60b_tas_29.log
/cluster/projects/nn9039k/ingo/cmor/noresm2cmor/bin/noresm2cmor_const60b_tas_30.log
/cluster/projects/nn9039k/ingo/cmor/noresm2cmor/bin/noresm2cmor_const60b_tas_31.log
/cluster/projects/nn9039k/ingo/cmor/noresm2cmor/bin/noresm2cmor_const60b_tas_32.log
/cluster/projects/nn9039k/ingo/cmor/noresm2cmor/bin/noresm2cmor_const60b_tas_33.log
/cluster/projects/nn9039k/ingo/cmor/noresm2cmor/bin/noresm2cmor_const60b_tas_34.log
/cluster/projects/nn9039k/ingo/cmor/noresm2cmor/bin/noresm2cmor_const60b_tas_35.log
/cluster/projects/nn9039k/ingo/cmor/noresm2cmor/bin/noresm2cmor_const60b_tas_36.log
/cluster/projects/nn9039k/ingo/cmor/noresm2cmor/bin/noresm2cmor_const60b_tas_37.log
/cluster/projects/nn9039k/ingo/cmor/noresm2cmor/bin/noresm2cmor_const60b_tas_38.log
/cluster/projects/nn9039k/ingo/cmor/noresm2cmor/bin/noresm2cmor_const60b_tas_39.log
/cluster/projects/nn9039k/ingo/cmor/noresm2cmor/bin/noresm2cmor_const60b_tas_40.log
/cluster/projects/nn9039k/ingo/cmor/noresm2cmor/bin/noresm2cmor_const60b_tas_41.log
/cluster/projects/nn9039k/ingo/cmor/noresm2cmor/bin/noresm2cmor_const60b_tas_42.log
/cluster/projects/nn9039k/ingo/cmor/noresm2cmor/bin/noresm2cmor_const60b_tas_43.log
/cluster/projects/nn9039k/ingo/cmor/noresm2cmor/bin/noresm2cmor_const60b_tas_44.log
/cluster/projects/nn9039k/ingo/cmor/noresm2cmor/bin/noresm2cmor_const60b_tas_45.log
/cluster/projects/nn9039k/ingo/cmor/noresm2cmor/bin/noresm2cmor_const60b_tas_46.log
/cluster/projects/nn9039k/ingo/cmor/noresm2cmor/bin/noresm2cmor_const60b_tas_47.log
/cluster/projects/nn9039k/ingo/cmor/noresm2cmor/bin/noresm2cmor_const60b_tas_48.log
/cluster/projects/nn9039k/ingo/cmor/noresm2cmor/bin/noresm2cmor_const60b_tas_49.log
/cluster/projects/nn9039k/ingo/cmor/noresm2cmor/bin/noresm2cmor_const60b_tas_50.log
/cluster/projects/nn9039k/ingo/cmor/noresm2cmor/bin/noresm2cmor_const60b_tas_51.log
/cluster/projects/nn9039k/ingo/cmor/noresm2cmor/bin/noresm2cmor_const60b_tas_52.log
/cluster/projects/nn9039k/ingo/cmor/noresm2cmor/bin/noresm2cmor_const60b_tas_53.log
/cluster/projects/nn9039k/ingo/cmor/noresm2cmor/bin/noresm2cmor_const60b_tas_54.log
/cluster/projects/nn9039k/ingo/cmor/noresm2cmor/bin/noresm2cmor_const60b_tas_55.log
/cluster/projects/nn9039k/ingo/cmor/noresm2cmor/bin/noresm2cmor_const60b_tas_56.log
/cluster/projects/nn9039k/ingo/cmor/noresm2cmor/bin/noresm2cmor_const60b_tas_57.log
/cluster/projects/nn9039k/ingo/cmor/noresm2cmor/bin/noresm2cmor_const60b_tas_58.log
/cluster/projects/nn9039k/ingo/cmor/noresm2cmor/bin/noresm2cmor_const60b_tas_59.log
/cluster/projects/nn9039k/ingo/cmor/noresm2cmor/bin/noresm2cmor_const60b_tas_60.log
